<?xml version="1.0" encoding="UTF-8"?>
<robot generator="Robot 7.0 (Python 3.12.0 on win32)" generated="2024-02-13T09:16:45.585572" rpa="false" schemaversion="5">
<suite id="s1" name="E-Commerce" source="C:\Users\formation\Desktop\e-commerce">
<suite id="s1-s1" name="0 Testwares" source="C:\Users\formation\Desktop\e-commerce\0_testwares">
<suite id="s1-s1-s1" name="Testsuites" source="C:\Users\formation\Desktop\e-commerce\0_testwares\testsuites.robot">
<test id="s1-s1-s1-t1" name="Create_account" line="28">
<kw name="Run Keywords" owner="BuiltIn" type="SETUP">
<kw name="Open Browser" owner="SeleniumLibrary">
<msg time="2024-02-13T09:16:45.898413" level="INFO">Opening browser 'chrome' to base url 'https://www.google.com/'.</msg>
<arg>https://www.google.com/</arg>
<arg>chrome</arg>
<doc>Opens a new browser instance to the optional ``url``.</doc>
<status status="PASS" start="2024-02-13T09:16:45.897018" elapsed="3.262764"/>
</kw>
<kw name="Maximize Browser Window" owner="SeleniumLibrary">
<doc>Maximizes current browser window.</doc>
<status status="PASS" start="2024-02-13T09:16:49.161252" elapsed="0.120703"/>
</kw>
<kw name="open">
<kw name="Go To" owner="SeleniumLibrary">
<msg time="2024-02-13T09:16:49.286917" level="INFO">Opening url 'http://127.0.0.1:5000/'</msg>
<arg>${element}</arg>
<doc>Navigates the current browser window to the provided ``url``.</doc>
<status status="PASS" start="2024-02-13T09:16:49.286401" elapsed="0.189061"/>
</kw>
<arg>${BASE_URL}</arg>
<status status="PASS" start="2024-02-13T09:16:49.283151" elapsed="0.193318"/>
</kw>
<kw name="Set Selenium Speed" owner="SeleniumLibrary">
<arg>${SELSPEED}</arg>
<doc>Sets the delay that is waited after each Selenium command.</doc>
<status status="PASS" start="2024-02-13T09:16:49.476469" elapsed="0.000000"/>
</kw>
<arg>Open Browser</arg>
<arg>https://www.google.com/</arg>
<arg>chrome</arg>
<arg>AND</arg>
<arg>Maximize Browser Window</arg>
<arg>AND</arg>
<arg>Open</arg>
<arg>${BASE_URL}</arg>
<arg>AND</arg>
<arg>Set Selenium Speed</arg>
<arg>${SELSPEED}</arg>
<doc>Executes all the given keywords in a sequence.</doc>
<status status="PASS" start="2024-02-13T09:16:45.897018" elapsed="3.580459"/>
</kw>
<kw name="Create account: Invalid username and password">
<kw name="open">
<kw name="Go To" owner="SeleniumLibrary">
<msg time="2024-02-13T09:16:49.482064" level="INFO">Opening url 'http://127.0.0.1:5000/'</msg>
<arg>${element}</arg>
<doc>Navigates the current browser window to the provided ``url``.</doc>
<status status="PASS" start="2024-02-13T09:16:49.480989" elapsed="0.242658"/>
</kw>
<arg>${BASE_URL}</arg>
<status status="PASS" start="2024-02-13T09:16:49.479994" elapsed="0.244206"/>
</kw>
<kw name="click">
<kw name="Click Element" owner="SeleniumLibrary">
<msg time="2024-02-13T09:16:49.725457" level="INFO">Clicking element 'link=Login'.</msg>
<arg>${element}</arg>
<doc>Click the element identified by ``locator``.</doc>
<status status="PASS" start="2024-02-13T09:16:49.725457" elapsed="0.561260"/>
</kw>
<arg>link=Login</arg>
<status status="PASS" start="2024-02-13T09:16:49.724200" elapsed="0.562517"/>
</kw>
<kw name="click">
<kw name="Click Element" owner="SeleniumLibrary">
<msg time="2024-02-13T09:16:50.287727" level="INFO">Clicking element 'id=username'.</msg>
<arg>${element}</arg>
<doc>Click the element identified by ``locator``.</doc>
<status status="PASS" start="2024-02-13T09:16:50.287727" elapsed="0.464722"/>
</kw>
<arg>id=username</arg>
<status status="PASS" start="2024-02-13T09:16:50.286717" elapsed="0.465732"/>
</kw>
<kw name="type">
<kw name="Input Text" owner="SeleniumLibrary">
<msg time="2024-02-13T09:16:50.754501" level="INFO">Typing text 'invalidusername'""' into text field 'id=username'.</msg>
<arg>${element}</arg>
<arg>${value}</arg>
<doc>Types the given ``text`` into the text field identified by ``locator``.</doc>
<status status="PASS" start="2024-02-13T09:16:50.753518" elapsed="0.729163"/>
</kw>
<arg>id=username</arg>
<arg>${INVALID_USERNAME}</arg>
<status status="PASS" start="2024-02-13T09:16:50.752449" elapsed="0.730232"/>
</kw>
<kw name="type">
<kw name="Input Text" owner="SeleniumLibrary">
<msg time="2024-02-13T09:16:51.487467" level="INFO">Typing text 'invalidpassword'""' into text field 'id=password'.</msg>
<arg>${element}</arg>
<arg>${value}</arg>
<doc>Types the given ``text`` into the text field identified by ``locator``.</doc>
<status status="PASS" start="2024-02-13T09:16:51.485973" elapsed="0.685558"/>
</kw>
<arg>id=password</arg>
<arg>${INVALID_PASSWORD}</arg>
<status status="PASS" start="2024-02-13T09:16:51.483917" elapsed="0.687614"/>
</kw>
<kw name="click">
<kw name="Click Element" owner="SeleniumLibrary">
<msg time="2024-02-13T09:16:52.172699" level="INFO">Clicking element 'id=submit'.</msg>
<arg>${element}</arg>
<doc>Click the element identified by ``locator``.</doc>
<status status="PASS" start="2024-02-13T09:16:52.171531" elapsed="0.515605"/>
</kw>
<arg>id=submit</arg>
<status status="PASS" start="2024-02-13T09:16:52.171531" elapsed="0.515605"/>
</kw>
<kw name="Get Text" owner="SeleniumLibrary">
<msg time="2024-02-13T09:16:53.112181" level="INFO">${ALERT} = ×
Username and password are not match! Please try again</msg>
<var>${ALERT}</var>
<arg>//div[@class='alert alert-danger']</arg>
<doc>Returns the text value of the element identified by ``locator``.</doc>
<status status="PASS" start="2024-02-13T09:16:52.687136" elapsed="0.425045"/>
</kw>
<kw name="Should Match Regexp" owner="BuiltIn">
<arg>${ALERT}</arg>
<arg>Username and password are not match! Please try again</arg>
<doc>Fails if ``string`` does not match ``pattern`` as a regular expression.</doc>
<status status="PASS" start="2024-02-13T09:16:53.112181" elapsed="0.001009"/>
</kw>
<arg>${BASE_URL}</arg>
<arg>${INVALID_USERNAME}</arg>
<arg>${INVALID_PASSWORD}</arg>
<status status="PASS" start="2024-02-13T09:16:49.477477" elapsed="3.636714"/>
</kw>
<kw name="Create account: Invalid email format">
<kw name="open">
<kw name="Go To" owner="SeleniumLibrary">
<msg time="2024-02-13T09:16:53.116189" level="INFO">Opening url 'http://127.0.0.1:5000/'</msg>
<arg>${element}</arg>
<doc>Navigates the current browser window to the provided ``url``.</doc>
<status status="PASS" start="2024-02-13T09:16:53.116189" elapsed="0.252840"/>
</kw>
<arg>${BASE_URL}</arg>
<status status="PASS" start="2024-02-13T09:16:53.115189" elapsed="0.253840"/>
</kw>
<kw name="click">
<kw name="Click Element" owner="SeleniumLibrary">
<msg time="2024-02-13T09:16:53.371122" level="INFO">Clicking element 'link=Getting Started'.</msg>
<arg>${element}</arg>
<doc>Click the element identified by ``locator``.</doc>
<status status="PASS" start="2024-02-13T09:16:53.371122" elapsed="0.513399"/>
</kw>
<arg>link=Getting Started</arg>
<status status="PASS" start="2024-02-13T09:16:53.370122" elapsed="0.514399"/>
</kw>
<kw name="click">
<kw name="Click Element" owner="SeleniumLibrary">
<msg time="2024-02-13T09:16:53.885554" level="INFO">Clicking element 'link=Create Account'.</msg>
<arg>${element}</arg>
<doc>Click the element identified by ``locator``.</doc>
<status status="PASS" start="2024-02-13T09:16:53.885554" elapsed="0.500726"/>
</kw>
<arg>link=Create Account</arg>
<status status="PASS" start="2024-02-13T09:16:53.884521" elapsed="0.501759"/>
</kw>
<kw name="click">
<kw name="Click Element" owner="SeleniumLibrary">
<msg time="2024-02-13T09:16:54.387546" level="INFO">Clicking element 'id=username'.</msg>
<arg>${element}</arg>
<doc>Click the element identified by ``locator``.</doc>
<status status="PASS" start="2024-02-13T09:16:54.386280" elapsed="0.440884"/>
</kw>
<arg>id=username</arg>
<status status="PASS" start="2024-02-13T09:16:54.386280" elapsed="0.440884"/>
</kw>
<kw name="type">
<kw name="Input Text" owner="SeleniumLibrary">
<msg time="2024-02-13T09:16:54.829302" level="INFO">Typing text 'invalidusername'""' into text field 'id=username'.</msg>
<arg>${element}</arg>
<arg>${value}</arg>
<doc>Types the given ``text`` into the text field identified by ``locator``.</doc>
<status status="PASS" start="2024-02-13T09:16:54.828253" elapsed="0.707331"/>
</kw>
<arg>id=username</arg>
<arg>${INVALID_USERNAME}</arg>
<status status="PASS" start="2024-02-13T09:16:54.827710" elapsed="0.707874"/>
</kw>
<kw name="type">
<kw name="Input Text" owner="SeleniumLibrary">
<msg time="2024-02-13T09:16:55.536606" level="INFO">Typing text 'email@email@email' into text field 'id=email_address'.</msg>
<arg>${element}</arg>
<arg>${value}</arg>
<doc>Types the given ``text`` into the text field identified by ``locator``.</doc>
<status status="PASS" start="2024-02-13T09:16:55.536606" elapsed="0.695786"/>
</kw>
<arg>id=email_address</arg>
<arg>${INVALID_EMAIL}</arg>
<status status="PASS" start="2024-02-13T09:16:55.535584" elapsed="0.697317"/>
</kw>
<kw name="type">
<kw name="Input Text" owner="SeleniumLibrary">
<msg time="2024-02-13T09:16:56.234912" level="INFO">Typing text 'password123' into text field 'id=password1'.</msg>
<arg>${element}</arg>
<arg>${value}</arg>
<doc>Types the given ``text`` into the text field identified by ``locator``.</doc>
<status status="PASS" start="2024-02-13T09:16:56.233912" elapsed="0.693096"/>
</kw>
<arg>id=password1</arg>
<arg>${VALID_PASSWORD}</arg>
<status status="PASS" start="2024-02-13T09:16:56.232901" elapsed="0.694107"/>
</kw>
<kw name="type">
<kw name="Input Text" owner="SeleniumLibrary">
<msg time="2024-02-13T09:16:56.929020" level="INFO">Typing text 'password123' into text field 'id=password2'.</msg>
<arg>${element}</arg>
<arg>${value}</arg>
<doc>Types the given ``text`` into the text field identified by ``locator``.</doc>
<status status="PASS" start="2024-02-13T09:16:56.928019" elapsed="0.735056"/>
</kw>
<arg>id=password2</arg>
<arg>${VALID_PASSWORD}</arg>
<status status="PASS" start="2024-02-13T09:16:56.927008" elapsed="0.736067"/>
</kw>
<kw name="click">
<kw name="Click Element" owner="SeleniumLibrary">
<msg time="2024-02-13T09:16:57.665402" level="INFO">Clicking element 'id=submit'.</msg>
<arg>${element}</arg>
<doc>Click the element identified by ``locator``.</doc>
<status status="PASS" start="2024-02-13T09:16:57.664379" elapsed="0.536577"/>
</kw>
<arg>id=submit</arg>
<status status="PASS" start="2024-02-13T09:16:57.663075" elapsed="0.537881"/>
</kw>
<kw name="Get Text" owner="SeleniumLibrary">
<msg time="2024-02-13T09:16:58.628843" level="INFO">${ALERT} = ×
There was an error with creating a user: ['Invalid email address.']</msg>
<var>${ALERT}</var>
<arg>//div[@class='alert alert-danger']</arg>
<doc>Returns the text value of the element identified by ``locator``.</doc>
<status status="PASS" start="2024-02-13T09:16:58.202022" elapsed="0.427364"/>
</kw>
<kw name="Should Match Regexp" owner="BuiltIn">
<arg>${ALERT}</arg>
<arg>['Invalid email address.']</arg>
<doc>Fails if ``string`` does not match ``pattern`` as a regular expression.</doc>
<status status="PASS" start="2024-02-13T09:16:58.630419" elapsed="0.002023"/>
</kw>
<arg>${BASE_URL}</arg>
<arg>${INVALID_USERNAME}</arg>
<arg>${INVALID_EMAIL}</arg>
<arg>${VALID_PASSWORD}</arg>
<status status="PASS" start="2024-02-13T09:16:53.114191" elapsed="5.519261"/>
</kw>
<kw name="Create account: Username already exists">
<kw name="open">
<kw name="Go To" owner="SeleniumLibrary">
<msg time="2024-02-13T09:16:58.639480" level="INFO">Opening url 'http://127.0.0.1:5000/'</msg>
<arg>${element}</arg>
<doc>Navigates the current browser window to the provided ``url``.</doc>
<status status="PASS" start="2024-02-13T09:16:58.638453" elapsed="0.257936"/>
</kw>
<arg>${BASE_URL}</arg>
<status status="PASS" start="2024-02-13T09:16:58.637004" elapsed="0.259385"/>
</kw>
<kw name="click">
<kw name="Click Element" owner="SeleniumLibrary">
<msg time="2024-02-13T09:16:58.897985" level="INFO">Clicking element 'link=Getting Started'.</msg>
<arg>${element}</arg>
<doc>Click the element identified by ``locator``.</doc>
<status status="PASS" start="2024-02-13T09:16:58.896940" elapsed="0.499468"/>
</kw>
<arg>link=Getting Started</arg>
<status status="PASS" start="2024-02-13T09:16:58.896940" elapsed="0.499468"/>
</kw>
<kw name="click">
<kw name="Click Element" owner="SeleniumLibrary">
<msg time="2024-02-13T09:16:59.397521" level="INFO">Clicking element 'link=Create Account'.</msg>
<arg>${element}</arg>
<doc>Click the element identified by ``locator``.</doc>
<status status="PASS" start="2024-02-13T09:16:59.396912" elapsed="0.516512"/>
</kw>
<arg>link=Create Account</arg>
<status status="PASS" start="2024-02-13T09:16:59.396408" elapsed="0.517559"/>
</kw>
<kw name="click">
<kw name="Click Element" owner="SeleniumLibrary">
<msg time="2024-02-13T09:16:59.917053" level="INFO">Clicking element 'id=username'.</msg>
<arg>${element}</arg>
<doc>Click the element identified by ``locator``.</doc>
<status status="PASS" start="2024-02-13T09:16:59.916049" elapsed="0.465788"/>
</kw>
<arg>id=username</arg>
<status status="PASS" start="2024-02-13T09:16:59.915009" elapsed="0.466828"/>
</kw>
<kw name="type">
<kw name="Input Text" owner="SeleniumLibrary">
<msg time="2024-02-13T09:17:00.382343" level="INFO">Typing text 'user123' into text field 'id=username'.</msg>
<arg>${element}</arg>
<arg>${value}</arg>
<doc>Types the given ``text`` into the text field identified by ``locator``.</doc>
<status status="PASS" start="2024-02-13T09:17:00.382343" elapsed="0.658784"/>
</kw>
<arg>id=username</arg>
<arg>${VALID_USERNAME}</arg>
<status status="PASS" start="2024-02-13T09:17:00.382343" elapsed="0.658784"/>
</kw>
<kw name="type">
<kw name="Input Text" owner="SeleniumLibrary">
<msg time="2024-02-13T09:17:01.042220" level="INFO">Typing text 'email@email@email' into text field 'id=email_address'.</msg>
<arg>${element}</arg>
<arg>${value}</arg>
<doc>Types the given ``text`` into the text field identified by ``locator``.</doc>
<status status="PASS" start="2024-02-13T09:17:01.042220" elapsed="0.689281"/>
</kw>
<arg>id=email_address</arg>
<arg>${INVALID_EMAIL}</arg>
<status status="PASS" start="2024-02-13T09:17:01.041712" elapsed="0.689789"/>
</kw>
<kw name="type">
<kw name="Input Text" owner="SeleniumLibrary">
<msg time="2024-02-13T09:17:01.732006" level="INFO">Typing text 'password123' into text field 'id=password1'.</msg>
<arg>${element}</arg>
<arg>${value}</arg>
<doc>Types the given ``text`` into the text field identified by ``locator``.</doc>
<status status="PASS" start="2024-02-13T09:17:01.732006" elapsed="0.691670"/>
</kw>
<arg>id=password1</arg>
<arg>${VALID_PASSWORD}</arg>
<status status="PASS" start="2024-02-13T09:17:01.732006" elapsed="0.692238"/>
</kw>
<kw name="type">
<kw name="Input Text" owner="SeleniumLibrary">
<msg time="2024-02-13T09:17:02.427259" level="INFO">Typing text 'password123' into text field 'id=password2'.</msg>
<arg>${element}</arg>
<arg>${value}</arg>
<doc>Types the given ``text`` into the text field identified by ``locator``.</doc>
<status status="PASS" start="2024-02-13T09:17:02.426297" elapsed="0.704213"/>
</kw>
<arg>id=password2</arg>
<arg>${VALID_PASSWORD}</arg>
<status status="PASS" start="2024-02-13T09:17:02.424244" elapsed="0.706266"/>
</kw>
<kw name="click">
<kw name="Click Element" owner="SeleniumLibrary">
<msg time="2024-02-13T09:17:03.131523" level="INFO">Clicking element 'id=submit'.</msg>
<arg>${element}</arg>
<doc>Click the element identified by ``locator``.</doc>
<status status="PASS" start="2024-02-13T09:17:03.130510" elapsed="0.488742"/>
</kw>
<arg>id=submit</arg>
<status status="PASS" start="2024-02-13T09:17:03.130510" elapsed="0.488742"/>
</kw>
<kw name="Get Text" owner="SeleniumLibrary">
<msg time="2024-02-13T09:17:04.067041" level="INFO">${ALERT} = ×
There was an error with creating a user: ['Username already exists! Please try a different username.']</msg>
<var>${ALERT}</var>
<arg>//div[@class='alert alert-danger']</arg>
<doc>Returns the text value of the element identified by ``locator``.</doc>
<status status="PASS" start="2024-02-13T09:17:03.620514" elapsed="0.446527"/>
</kw>
<kw name="Should Match Regexp" owner="BuiltIn">
<arg>${ALERT}</arg>
<arg>['Username already exists! Please try a different username.']</arg>
<doc>Fails if ``string`` does not match ``pattern`` as a regular expression.</doc>
<status status="PASS" start="2024-02-13T09:17:04.068062" elapsed="0.001024"/>
</kw>
<arg>${BASE_URL}</arg>
<arg>${VALID_USERNAME}</arg>
<arg>${INVALID_EMAIL}</arg>
<arg>${VALID_PASSWORD}</arg>
<status status="PASS" start="2024-02-13T09:16:58.634943" elapsed="5.435133"/>
</kw>
<kw name="Close Browser" owner="SeleniumLibrary" type="TEARDOWN">
<doc>Closes the current browser.</doc>
<status status="PASS" start="2024-02-13T09:17:04.071119" elapsed="2.769358"/>
</kw>
<status status="PASS" start="2024-02-13T09:16:45.896005" elapsed="20.946102"/>
</test>
<test id="s1-s1-s1-t2" name="Login_Logout" line="34">
<kw name="Run Keywords" owner="BuiltIn" type="SETUP">
<kw name="Open Browser" owner="SeleniumLibrary">
<msg time="2024-02-13T09:17:06.856692" level="INFO">Opening browser 'chrome' to base url 'https://www.google.com/'.</msg>
<arg>https://www.google.com/</arg>
<arg>chrome</arg>
<doc>Opens a new browser instance to the optional ``url``.</doc>
<status status="PASS" start="2024-02-13T09:17:06.854672" elapsed="3.120937"/>
</kw>
<kw name="Maximize Browser Window" owner="SeleniumLibrary">
<doc>Maximizes current browser window.</doc>
<status status="PASS" start="2024-02-13T09:17:09.975609" elapsed="0.331029"/>
</kw>
<kw name="open">
<kw name="Go To" owner="SeleniumLibrary">
<msg time="2024-02-13T09:17:10.307702" level="INFO">Opening url 'http://127.0.0.1:5000/'</msg>
<arg>${element}</arg>
<doc>Navigates the current browser window to the provided ``url``.</doc>
<status status="PASS" start="2024-02-13T09:17:10.306638" elapsed="0.364148"/>
</kw>
<arg>${BASE_URL}</arg>
<status status="PASS" start="2024-02-13T09:17:10.306638" elapsed="0.364148"/>
</kw>
<kw name="Set Selenium Speed" owner="SeleniumLibrary">
<arg>${SELSPEED}</arg>
<doc>Sets the delay that is waited after each Selenium command.</doc>
<status status="PASS" start="2024-02-13T09:17:10.670786" elapsed="0.001057"/>
</kw>
<arg>Open Browser</arg>
<arg>https://www.google.com/</arg>
<arg>chrome</arg>
<arg>AND</arg>
<arg>Maximize Browser Window</arg>
<arg>AND</arg>
<arg>Open</arg>
<arg>${BASE_URL}</arg>
<arg>AND</arg>
<arg>Set Selenium Speed</arg>
<arg>${SELSPEED}</arg>
<doc>Executes all the given keywords in a sequence.</doc>
<status status="PASS" start="2024-02-13T09:17:06.853694" elapsed="3.818149"/>
</kw>
<kw name="Login">
<kw name="click">
<kw name="Click Element" owner="SeleniumLibrary">
<msg time="2024-02-13T09:17:10.675853" level="INFO">Clicking element 'link=Login'.</msg>
<arg>${element}</arg>
<doc>Click the element identified by ``locator``.</doc>
<status status="PASS" start="2024-02-13T09:17:10.674802" elapsed="0.526431"/>
</kw>
<arg>link=Login</arg>
<status status="PASS" start="2024-02-13T09:17:10.673839" elapsed="0.527394"/>
</kw>
<kw name="click">
<kw name="Click Element" owner="SeleniumLibrary">
<msg time="2024-02-13T09:17:11.203254" level="INFO">Clicking element 'id=username'.</msg>
<arg>${element}</arg>
<doc>Click the element identified by ``locator``.</doc>
<status status="PASS" start="2024-02-13T09:17:11.202260" elapsed="0.461093"/>
</kw>
<arg>id=username</arg>
<status status="PASS" start="2024-02-13T09:17:11.201233" elapsed="0.462688"/>
</kw>
<kw name="type">
<kw name="Input Text" owner="SeleniumLibrary">
<msg time="2024-02-13T09:17:11.666085" level="INFO">Typing text 'user123' into text field 'id=username'.</msg>
<arg>${element}</arg>
<arg>${value}</arg>
<doc>Types the given ``text`` into the text field identified by ``locator``.</doc>
<status status="PASS" start="2024-02-13T09:17:11.664939" elapsed="0.744017"/>
</kw>
<arg>id=username</arg>
<arg>${VALID_USERNAME}</arg>
<status status="PASS" start="2024-02-13T09:17:11.663921" elapsed="0.745035"/>
</kw>
<kw name="type">
<kw name="Input Text" owner="SeleniumLibrary">
<msg time="2024-02-13T09:17:12.412041" level="INFO">Typing text 'password123' into text field 'id=password'.</msg>
<arg>${element}</arg>
<arg>${value}</arg>
<doc>Types the given ``text`` into the text field identified by ``locator``.</doc>
<status status="PASS" start="2024-02-13T09:17:12.410994" elapsed="0.699849"/>
</kw>
<arg>id=password</arg>
<arg>${VALID_PASSWORD}</arg>
<status status="PASS" start="2024-02-13T09:17:12.409970" elapsed="0.700873"/>
</kw>
<kw name="click">
<kw name="Click Element" owner="SeleniumLibrary">
<msg time="2024-02-13T09:17:13.111858" level="INFO">Clicking element 'id=submit'.</msg>
<arg>${element}</arg>
<doc>Click the element identified by ``locator``.</doc>
<status status="PASS" start="2024-02-13T09:17:13.111858" elapsed="0.719486"/>
</kw>
<arg>id=submit</arg>
<status status="PASS" start="2024-02-13T09:17:13.110843" elapsed="0.720501"/>
</kw>
<kw name="open">
<kw name="Go To" owner="SeleniumLibrary">
<msg time="2024-02-13T09:17:13.832380" level="INFO">Opening url 'http://127.0.0.1:5000/market'</msg>
<arg>${element}</arg>
<doc>Navigates the current browser window to the provided ``url``.</doc>
<status status="PASS" start="2024-02-13T09:17:13.831344" elapsed="0.249638"/>
</kw>
<arg>${BASE_URL}market</arg>
<status status="PASS" start="2024-02-13T09:17:13.831344" elapsed="0.250717"/>
</kw>
<arg>${BASE_URL}</arg>
<arg>${VALID_USERNAME}</arg>
<arg>${VALID_PASSWORD}</arg>
<status status="PASS" start="2024-02-13T09:17:10.672845" elapsed="3.409216"/>
</kw>
<kw name="Logout">
<kw name="open">
<kw name="Go To" owner="SeleniumLibrary">
<msg time="2024-02-13T09:17:14.087705" level="INFO">Opening url 'http://127.0.0.1:5000/'</msg>
<arg>${element}</arg>
<doc>Navigates the current browser window to the provided ``url``.</doc>
<status status="PASS" start="2024-02-13T09:17:14.086706" elapsed="0.260338"/>
</kw>
<arg>${BASE_URL}</arg>
<status status="PASS" start="2024-02-13T09:17:14.085718" elapsed="0.261326"/>
</kw>
<kw name="click">
<kw name="Click Element" owner="SeleniumLibrary">
<msg time="2024-02-13T09:17:14.350972" level="INFO">Clicking element 'link=Logout'.</msg>
<arg>${element}</arg>
<doc>Click the element identified by ``locator``.</doc>
<status status="PASS" start="2024-02-13T09:17:14.349890" elapsed="0.536969"/>
</kw>
<arg>link=Logout</arg>
<status status="PASS" start="2024-02-13T09:17:14.348074" elapsed="0.539884"/>
</kw>
<status status="PASS" start="2024-02-13T09:17:14.084055" elapsed="0.803903"/>
</kw>
<kw name="Checking: Logout alert">
<kw name="Get Text" owner="SeleniumLibrary">
<msg time="2024-02-13T09:17:15.341354" level="INFO">${LOGOUT_POPUP} = ×
You have been logged out!</msg>
<var>${LOGOUT_POPUP}</var>
<arg>//div[@class='alert alert-info']</arg>
<doc>Returns the text value of the element identified by ``locator``.</doc>
<status status="PASS" start="2024-02-13T09:17:14.892762" elapsed="0.448592"/>
</kw>
<kw name="Should Match Regexp" owner="BuiltIn">
<arg>${LOGOUT_POPUP}</arg>
<arg>You have been logged out!</arg>
<doc>Fails if ``string`` does not match ``pattern`` as a regular expression.</doc>
<status status="PASS" start="2024-02-13T09:17:15.342366" elapsed="0.001002"/>
</kw>
<status status="PASS" start="2024-02-13T09:17:14.889890" elapsed="0.453478"/>
</kw>
<kw name="Checking: Logout URL">
<kw name="Get Location" owner="SeleniumLibrary">
<msg time="2024-02-13T09:17:15.551487" level="INFO">${LOGOUT_URL} = http://127.0.0.1:5000/</msg>
<var>${LOGOUT_URL}</var>
<doc>Returns the current browser window URL.</doc>
<status status="PASS" start="2024-02-13T09:17:15.344365" elapsed="0.207122"/>
</kw>
<kw name="Should Be Equal As Strings" owner="BuiltIn">
<arg>${LOGOUT_URL}</arg>
<arg>${BASE_URL}</arg>
<doc>Fails if objects are unequal after converting them to strings.</doc>
<status status="PASS" start="2024-02-13T09:17:15.552548" elapsed="0.000000"/>
</kw>
<status status="PASS" start="2024-02-13T09:17:15.343368" elapsed="0.210261"/>
</kw>
<kw name="Close Browser" owner="SeleniumLibrary" type="TEARDOWN">
<doc>Closes the current browser.</doc>
<status status="PASS" start="2024-02-13T09:17:15.553629" elapsed="2.386162"/>
</kw>
<status status="PASS" start="2024-02-13T09:17:06.849089" elapsed="11.091534"/>
</test>
<test id="s1-s1-s1-t3" name="Buying_selling" line="40">
<kw name="Run Keywords" owner="BuiltIn" type="SETUP">
<kw name="Open Browser" owner="SeleniumLibrary">
<msg time="2024-02-13T09:17:17.946665" level="INFO">Opening browser 'chrome' to base url 'https://www.google.com/'.</msg>
<arg>https://www.google.com/</arg>
<arg>chrome</arg>
<doc>Opens a new browser instance to the optional ``url``.</doc>
<status status="PASS" start="2024-02-13T09:17:17.945573" elapsed="3.209410"/>
</kw>
<kw name="Maximize Browser Window" owner="SeleniumLibrary">
<doc>Maximizes current browser window.</doc>
<status status="PASS" start="2024-02-13T09:17:21.154983" elapsed="0.331727"/>
</kw>
<kw name="open">
<kw name="Go To" owner="SeleniumLibrary">
<msg time="2024-02-13T09:17:21.490882" level="INFO">Opening url 'http://127.0.0.1:5000/'</msg>
<arg>${element}</arg>
<doc>Navigates the current browser window to the provided ``url``.</doc>
<status status="PASS" start="2024-02-13T09:17:21.488985" elapsed="0.361756"/>
</kw>
<arg>${BASE_URL}</arg>
<status status="PASS" start="2024-02-13T09:17:21.487746" elapsed="0.364086"/>
</kw>
<kw name="Set Selenium Speed" owner="SeleniumLibrary">
<arg>${SELSPEED}</arg>
<doc>Sets the delay that is waited after each Selenium command.</doc>
<status status="PASS" start="2024-02-13T09:17:21.851832" elapsed="0.002503"/>
</kw>
<arg>Open Browser</arg>
<arg>https://www.google.com/</arg>
<arg>chrome</arg>
<arg>AND</arg>
<arg>Maximize Browser Window</arg>
<arg>AND</arg>
<arg>Open</arg>
<arg>${BASE_URL}</arg>
<arg>AND</arg>
<arg>Set Selenium Speed</arg>
<arg>${SELSPEED}</arg>
<doc>Executes all the given keywords in a sequence.</doc>
<status status="PASS" start="2024-02-13T09:17:17.944578" elapsed="3.909757"/>
</kw>
<kw name="Login">
<kw name="click">
<kw name="Click Element" owner="SeleniumLibrary">
<msg time="2024-02-13T09:17:21.863381" level="INFO">Clicking element 'link=Login'.</msg>
<arg>${element}</arg>
<doc>Click the element identified by ``locator``.</doc>
<status status="PASS" start="2024-02-13T09:17:21.861328" elapsed="0.569332"/>
</kw>
<arg>link=Login</arg>
<status status="PASS" start="2024-02-13T09:17:21.859776" elapsed="0.570884"/>
</kw>
<kw name="click">
<kw name="Click Element" owner="SeleniumLibrary">
<msg time="2024-02-13T09:17:22.432527" level="INFO">Clicking element 'id=username'.</msg>
<arg>${element}</arg>
<doc>Click the element identified by ``locator``.</doc>
<status status="PASS" start="2024-02-13T09:17:22.432011" elapsed="0.491281"/>
</kw>
<arg>id=username</arg>
<status status="PASS" start="2024-02-13T09:17:22.430660" elapsed="0.493733"/>
</kw>
<kw name="type">
<kw name="Input Text" owner="SeleniumLibrary">
<msg time="2024-02-13T09:17:22.928638" level="INFO">Typing text 'user123' into text field 'id=username'.</msg>
<arg>${element}</arg>
<arg>${value}</arg>
<doc>Types the given ``text`` into the text field identified by ``locator``.</doc>
<status status="PASS" start="2024-02-13T09:17:22.926543" elapsed="0.708230"/>
</kw>
<arg>id=username</arg>
<arg>${VALID_USERNAME}</arg>
<status status="PASS" start="2024-02-13T09:17:22.924393" elapsed="0.710380"/>
</kw>
<kw name="type">
<kw name="Input Text" owner="SeleniumLibrary">
<msg time="2024-02-13T09:17:23.637804" level="INFO">Typing text 'password123' into text field 'id=password'.</msg>
<arg>${element}</arg>
<arg>${value}</arg>
<doc>Types the given ``text`` into the text field identified by ``locator``.</doc>
<status status="PASS" start="2024-02-13T09:17:23.636804" elapsed="0.701268"/>
</kw>
<arg>id=password</arg>
<arg>${VALID_PASSWORD}</arg>
<status status="PASS" start="2024-02-13T09:17:23.635787" elapsed="0.702285"/>
</kw>
<kw name="click">
<kw name="Click Element" owner="SeleniumLibrary">
<msg time="2024-02-13T09:17:24.339080" level="INFO">Clicking element 'id=submit'.</msg>
<arg>${element}</arg>
<doc>Click the element identified by ``locator``.</doc>
<status status="PASS" start="2024-02-13T09:17:24.339080" elapsed="0.728848"/>
</kw>
<arg>id=submit</arg>
<status status="PASS" start="2024-02-13T09:17:24.338072" elapsed="0.729856"/>
</kw>
<kw name="open">
<kw name="Go To" owner="SeleniumLibrary">
<msg time="2024-02-13T09:17:25.069458" level="INFO">Opening url 'http://127.0.0.1:5000/market'</msg>
<arg>${element}</arg>
<doc>Navigates the current browser window to the provided ``url``.</doc>
<status status="PASS" start="2024-02-13T09:17:25.067928" elapsed="0.251989"/>
</kw>
<arg>${BASE_URL}market</arg>
<status status="PASS" start="2024-02-13T09:17:25.067928" elapsed="0.253046"/>
</kw>
<arg>${BASE_URL}</arg>
<arg>${VALID_USERNAME}</arg>
<arg>${VALID_PASSWORD}</arg>
<status status="PASS" start="2024-02-13T09:17:21.856622" elapsed="3.464352"/>
</kw>
<kw name="Checking: Currency">
<kw name="Get Text" owner="SeleniumLibrary">
<msg time="2024-02-13T09:17:25.794397" level="INFO">${CURRENCY} = 10,000 $</msg>
<var>${CURRENCY}</var>
<arg>//*[@id="navbarNav"]/ul[2]/li[1]/a</arg>
<doc>Returns the text value of the element identified by ``locator``.</doc>
<status status="PASS" start="2024-02-13T09:17:25.324269" elapsed="0.470128"/>
</kw>
<kw name="Should Contain" owner="BuiltIn">
<arg>${CURRENCY}</arg>
<arg>$</arg>
<doc>Fails if ``container`` does not contain ``item`` one or more times.</doc>
<status status="PASS" start="2024-02-13T09:17:25.794397" elapsed="0.001007"/>
</kw>
<kw name="Should Not Contain" owner="BuiltIn">
<arg>${CURRENCY}</arg>
<arg>£</arg>
<doc>Fails if ``container`` contains ``item`` one or more times.</doc>
<status status="PASS" start="2024-02-13T09:17:25.795404" elapsed="0.001000"/>
</kw>
<kw name="Should Not Contain" owner="BuiltIn">
<arg>${CURRENCY}</arg>
<arg>€</arg>
<doc>Fails if ``container`` contains ``item`` one or more times.</doc>
<status status="PASS" start="2024-02-13T09:17:25.796404" elapsed="0.000000"/>
</kw>
<status status="PASS" start="2024-02-13T09:17:25.323242" elapsed="0.474163"/>
</kw>
<kw name="Checking: 10K$ assigned to new users">
<kw name="Get Text" owner="SeleniumLibrary">
<msg time="2024-02-13T09:17:26.222183" level="INFO">${FUNDS} = 10,000 $</msg>
<var>${FUNDS}</var>
<arg>//*[@id="navbarNav"]/ul[2]/li[1]/a</arg>
<doc>Returns the text value of the element identified by ``locator``.</doc>
<status status="PASS" start="2024-02-13T09:17:25.797405" elapsed="0.425349"/>
</kw>
<kw name="Should Contain" owner="BuiltIn">
<arg>${FUNDS}</arg>
<arg>10,000</arg>
<doc>Fails if ``container`` does not contain ``item`` one or more times.</doc>
<status status="PASS" start="2024-02-13T09:17:26.222754" elapsed="0.001075"/>
</kw>
<status status="PASS" start="2024-02-13T09:17:25.797405" elapsed="0.427371"/>
</kw>
<kw name="Checking: Pop-up can be closed in 3 different ways">
<kw name="Set Selenium Implicit Wait" owner="SeleniumLibrary">
<arg>0.2</arg>
<doc>Sets the implicit wait value used by Selenium.</doc>
<status status="PASS" start="2024-02-13T09:17:26.226243" elapsed="0.203439"/>
</kw>
<kw name="click">
<kw name="Click Element" owner="SeleniumLibrary">
<msg time="2024-02-13T09:17:26.434300" level="INFO">Clicking element 'xpath=//tbody/tr[1]/td[5]/button[1]'.</msg>
<arg>${element}</arg>
<doc>Click the element identified by ``locator``.</doc>
<status status="PASS" start="2024-02-13T09:17:26.432312" elapsed="0.504499"/>
</kw>
<arg>xpath=//tbody/tr[1]/td[5]/button[1]</arg>
<status status="PASS" start="2024-02-13T09:17:26.430207" elapsed="0.506604"/>
</kw>
<kw name="Set Selenium Implicit Wait" owner="SeleniumLibrary">
<arg>0.2</arg>
<doc>Sets the implicit wait value used by Selenium.</doc>
<status status="PASS" start="2024-02-13T09:17:26.936811" elapsed="0.202704"/>
</kw>
<kw name="click">
<kw name="Click Element" owner="SeleniumLibrary">
<msg time="2024-02-13T09:17:27.140564" level="INFO">Clicking element 'xpath=//div[@id='Info-1']/div/div/div[3]/button'.</msg>
<arg>${element}</arg>
<doc>Click the element identified by ``locator``.</doc>
<status status="PASS" start="2024-02-13T09:17:27.140564" elapsed="0.482499"/>
</kw>
<arg>xpath=//div[@id='Info-1']/div/div/div[3]/button</arg>
<status status="PASS" start="2024-02-13T09:17:27.139515" elapsed="0.483548"/>
</kw>
<kw name="Set Selenium Implicit Wait" owner="SeleniumLibrary">
<arg>0.2</arg>
<doc>Sets the implicit wait value used by Selenium.</doc>
<status status="PASS" start="2024-02-13T09:17:27.623063" elapsed="0.202641"/>
</kw>
<kw name="click">
<kw name="Click Element" owner="SeleniumLibrary">
<msg time="2024-02-13T09:17:27.827795" level="INFO">Clicking element 'xpath=//tbody/tr[1]/td[5]/button[1]'.</msg>
<arg>${element}</arg>
<doc>Click the element identified by ``locator``.</doc>
<status status="PASS" start="2024-02-13T09:17:27.826750" elapsed="0.497216"/>
</kw>
<arg>xpath=//tbody/tr[1]/td[5]/button[1]</arg>
<status status="PASS" start="2024-02-13T09:17:27.825704" elapsed="0.498262"/>
</kw>
<kw name="Set Selenium Implicit Wait" owner="SeleniumLibrary">
<arg>0.2</arg>
<doc>Sets the implicit wait value used by Selenium.</doc>
<status status="PASS" start="2024-02-13T09:17:28.323966" elapsed="0.202995"/>
</kw>
<kw name="click">
<kw name="Click Element" owner="SeleniumLibrary">
<msg time="2024-02-13T09:17:28.532482" level="INFO">Clicking element 'xpath=//div[@id='Info-1']/div/div/div/button/span'.</msg>
<arg>${element}</arg>
<doc>Click the element identified by ``locator``.</doc>
<status status="PASS" start="2024-02-13T09:17:28.531439" elapsed="0.473826"/>
</kw>
<arg>xpath=//div[@id='Info-1']/div/div/div/button/span</arg>
<status status="PASS" start="2024-02-13T09:17:28.528992" elapsed="0.477300"/>
</kw>
<kw name="Set Selenium Implicit Wait" owner="SeleniumLibrary">
<arg>0.2</arg>
<doc>Sets the implicit wait value used by Selenium.</doc>
<status status="PASS" start="2024-02-13T09:17:29.006292" elapsed="0.204778"/>
</kw>
<kw name="click">
<kw name="Click Element" owner="SeleniumLibrary">
<msg time="2024-02-13T09:17:29.215002" level="INFO">Clicking element 'xpath=//tbody/tr[1]/td[5]/button[1]'.</msg>
<arg>${element}</arg>
<doc>Click the element identified by ``locator``.</doc>
<status status="PASS" start="2024-02-13T09:17:29.213978" elapsed="0.446595"/>
</kw>
<arg>xpath=//tbody/tr[1]/td[5]/button[1]</arg>
<status status="PASS" start="2024-02-13T09:17:29.212339" elapsed="0.449258"/>
</kw>
<kw name="Set Selenium Implicit Wait" owner="SeleniumLibrary">
<arg>0.2</arg>
<doc>Sets the implicit wait value used by Selenium.</doc>
<status status="PASS" start="2024-02-13T09:17:29.662606" elapsed="0.204290"/>
</kw>
<kw name="click">
<kw name="Click Element" owner="SeleniumLibrary">
<msg time="2024-02-13T09:17:29.868906" level="INFO">Clicking element 'id=Info-1'.</msg>
<arg>${element}</arg>
<doc>Click the element identified by ``locator``.</doc>
<status status="PASS" start="2024-02-13T09:17:29.867907" elapsed="0.447991"/>
</kw>
<arg>id=Info-1</arg>
<status status="PASS" start="2024-02-13T09:17:29.866896" elapsed="0.450031"/>
</kw>
<status status="PASS" start="2024-02-13T09:17:26.224776" elapsed="4.092151"/>
</kw>
<kw name="Checking: Info pop-up on buying works + correct data">
<kw name="Get Text" owner="SeleniumLibrary">
<msg time="2024-02-13T09:17:30.785962" level="INFO">${INI_NAME} = MacBook Air</msg>
<var>${INI_NAME}</var>
<arg>//tbody/tr[2]/td[1]</arg>
<doc>Returns the text value of the element identified by ``locator``.</doc>
<status status="PASS" start="2024-02-13T09:17:30.320187" elapsed="0.466338"/>
</kw>
<kw name="Get Text" owner="SeleniumLibrary">
<msg time="2024-02-13T09:17:31.241891" level="INFO">${INI_BARCODE} = 154843846</msg>
<var>${INI_BARCODE}</var>
<arg>//tbody/tr[2]/td[2]</arg>
<doc>Returns the text value of the element identified by ``locator``.</doc>
<status status="PASS" start="2024-02-13T09:17:30.786525" elapsed="0.456416"/>
</kw>
<kw name="Get Text" owner="SeleniumLibrary">
<msg time="2024-02-13T09:17:31.690457" level="INFO">${INI_PRICE} = 8,500 $</msg>
<var>${INI_PRICE}</var>
<arg>//tbody/tr[2]/td[3]</arg>
<doc>Returns the text value of the element identified by ``locator``.</doc>
<status status="PASS" start="2024-02-13T09:17:31.243986" elapsed="0.447215"/>
</kw>
<kw name="Get Text" owner="SeleniumLibrary">
<msg time="2024-02-13T09:17:32.135900" level="INFO">${INI_DSCRPT} = 2nd item desc</msg>
<var>${INI_DSCRPT}</var>
<arg>//tr[2]/td[4]</arg>
<doc>Returns the text value of the element identified by ``locator``.</doc>
<status status="PASS" start="2024-02-13T09:17:31.692748" elapsed="0.443152"/>
</kw>
<kw name="click">
<kw name="Click Element" owner="SeleniumLibrary">
<msg time="2024-02-13T09:17:32.136405" level="INFO">Clicking element 'xpath=(.//*[normalize-space(text()) and normalize-space(.)='MacBook Air'])[4]/following::button[1]'.</msg>
<arg>${element}</arg>
<doc>Click the element identified by ``locator``.</doc>
<status status="PASS" start="2024-02-13T09:17:32.136405" elapsed="0.443880"/>
</kw>
<arg>xpath=(.//*[normalize-space(text()) and normalize-space(.)='MacBook Air'])[4]/following::button[1]</arg>
<status status="PASS" start="2024-02-13T09:17:32.136405" elapsed="0.443880"/>
</kw>
<kw name="Get Text" owner="SeleniumLibrary">
<msg time="2024-02-13T09:17:33.002269" level="INFO">${INFO_NAME} = MacBook Air
×</msg>
<var>${INFO_NAME}</var>
<arg>//*[@id="Info-2"]/div/div/div[1]</arg>
<doc>Returns the text value of the element identified by ``locator``.</doc>
<status status="PASS" start="2024-02-13T09:17:32.580285" elapsed="0.421984"/>
</kw>
<kw name="Should Contain" owner="BuiltIn">
<arg>${INFO_NAME}</arg>
<arg>${INI_NAME}</arg>
<doc>Fails if ``container`` does not contain ``item`` one or more times.</doc>
<status status="PASS" start="2024-02-13T09:17:33.002780" elapsed="0.000536"/>
</kw>
<kw name="Get Text" owner="SeleniumLibrary">
<msg time="2024-02-13T09:17:33.425427" level="INFO">${INFO_TABLE} = Barcode: 154843846
Price: 8,500 $
Description: 2nd item desc</msg>
<var>${INFO_TABLE}</var>
<arg>//*[@id="Info-2"]/div/div/div[2]</arg>
<doc>Returns the text value of the element identified by ``locator``.</doc>
<status status="PASS" start="2024-02-13T09:17:33.003316" elapsed="0.422111"/>
</kw>
<kw name="Should Contain" owner="BuiltIn">
<arg>${INFO_TABLE}</arg>
<arg>${INI_BARCODE}</arg>
<arg>${INI_PRICE}</arg>
<arg>${INI_DSCRPT}</arg>
<doc>Fails if ``container`` does not contain ``item`` one or more times.</doc>
<status status="PASS" start="2024-02-13T09:17:33.425427" elapsed="0.000000"/>
</kw>
<kw name="click">
<kw name="Click Element" owner="SeleniumLibrary">
<msg time="2024-02-13T09:17:33.427395" level="INFO">Clicking element 'xpath=//div[@id='Info-2']/div/div/div[3]/button'.</msg>
<arg>${element}</arg>
<doc>Click the element identified by ``locator``.</doc>
<status status="PASS" start="2024-02-13T09:17:33.426890" elapsed="0.492724"/>
</kw>
<arg>xpath=//div[@id='Info-2']/div/div/div[3]/button</arg>
<status status="PASS" start="2024-02-13T09:17:33.425427" elapsed="0.494187"/>
</kw>
<status status="PASS" start="2024-02-13T09:17:30.319156" elapsed="3.600458"/>
</kw>
<kw name="Checking: Funds adjust to buying and selling">
<kw name="open">
<kw name="Go To" owner="SeleniumLibrary">
<msg time="2024-02-13T09:17:33.926439" level="INFO">Opening url 'http://127.0.0.1:5000/market'</msg>
<arg>${element}</arg>
<doc>Navigates the current browser window to the provided ``url``.</doc>
<status status="PASS" start="2024-02-13T09:17:33.924642" elapsed="0.284621"/>
</kw>
<arg>${BASE_URL}market</arg>
<status status="PASS" start="2024-02-13T09:17:33.923654" elapsed="0.285609"/>
</kw>
<kw name="Get Text" owner="SeleniumLibrary">
<msg time="2024-02-13T09:17:34.633249" level="INFO">${INI_FUNDS} = 10,000 $</msg>
<var>${INI_FUNDS}</var>
<arg>//*[@id="navbarNav"]/ul[2]/li[1]/a</arg>
<doc>Returns the text value of the element identified by ``locator``.</doc>
<status status="PASS" start="2024-02-13T09:17:34.210316" elapsed="0.424981"/>
</kw>
<kw name="Remove String" owner="String">
<msg time="2024-02-13T09:17:34.638297" level="INFO">${INI_FUNDS} = 10000 </msg>
<var>${INI_FUNDS}</var>
<arg>${INI_FUNDS}</arg>
<arg>,</arg>
<arg>$</arg>
<doc>Removes all ``removables`` from the given ``string``.</doc>
<status status="PASS" start="2024-02-13T09:17:34.635297" elapsed="0.003000"/>
</kw>
<kw name="Convert To Integer" owner="BuiltIn">
<msg time="2024-02-13T09:17:34.643337" level="INFO">${INI_FUNDS} = 10000</msg>
<var>${INI_FUNDS}</var>
<arg>${INI_FUNDS}</arg>
<doc>Converts the given item to an integer number.</doc>
<status status="PASS" start="2024-02-13T09:17:34.641304" elapsed="0.003130"/>
</kw>
<kw name="Convert To String" owner="BuiltIn">
<msg time="2024-02-13T09:17:34.648313" level="INFO">${INI_FUNDS} = 10000</msg>
<var>${INI_FUNDS}</var>
<arg>${INI_FUNDS}</arg>
<doc>Converts the given item to a Unicode string.</doc>
<status status="PASS" start="2024-02-13T09:17:34.645681" elapsed="0.003637"/>
</kw>
<kw name="Get Text" owner="SeleniumLibrary">
<msg time="2024-02-13T09:17:35.105400" level="INFO">${ITEM_PRICE} = 3,000 $</msg>
<var>${ITEM_PRICE}</var>
<arg>//tbody/tr[1]/td[3]</arg>
<doc>Returns the text value of the element identified by ``locator``.</doc>
<status status="PASS" start="2024-02-13T09:17:34.650334" elapsed="0.455066"/>
</kw>
<kw name="Remove String" owner="String">
<msg time="2024-02-13T09:17:35.108541" level="INFO">${ITEM_PRICE} = 3000 </msg>
<var>${ITEM_PRICE}</var>
<arg>${ITEM_PRICE}</arg>
<arg>,</arg>
<arg>$</arg>
<doc>Removes all ``removables`` from the given ``string``.</doc>
<status status="PASS" start="2024-02-13T09:17:35.106886" elapsed="0.002849"/>
</kw>
<kw name="Convert To Integer" owner="BuiltIn">
<msg time="2024-02-13T09:17:35.112802" level="INFO">${ITEM_PRICE} = 3000</msg>
<var>${ITEM_PRICE}</var>
<arg>${ITEM_PRICE}</arg>
<doc>Converts the given item to an integer number.</doc>
<status status="PASS" start="2024-02-13T09:17:35.111256" elapsed="0.001546"/>
</kw>
<kw name="Convert To String" owner="BuiltIn">
<msg time="2024-02-13T09:17:35.115799" level="INFO">${ITEM_PRICE} = 3000</msg>
<var>${ITEM_PRICE}</var>
<arg>${ITEM_PRICE}</arg>
<doc>Converts the given item to a Unicode string.</doc>
<status status="PASS" start="2024-02-13T09:17:35.113814" elapsed="0.003488"/>
</kw>
<kw name="click">
<kw name="Click Element" owner="SeleniumLibrary">
<msg time="2024-02-13T09:17:35.120622" level="INFO">Clicking element 'xpath=(.//*[normalize-space(text()) and normalize-space(.)='Info'])[1]/following::button[1]'.</msg>
<arg>${element}</arg>
<doc>Click the element identified by ``locator``.</doc>
<status status="PASS" start="2024-02-13T09:17:35.119487" elapsed="0.465060"/>
</kw>
<arg>xpath=(.//*[normalize-space(text()) and normalize-space(.)='Info'])[1]/following::button[1]</arg>
<status status="PASS" start="2024-02-13T09:17:35.117302" elapsed="0.467245"/>
</kw>
<kw name="click">
<kw name="Click Element" owner="SeleniumLibrary">
<msg time="2024-02-13T09:17:35.586139" level="INFO">Clicking element 'id=submit'.</msg>
<arg>${element}</arg>
<doc>Click the element identified by ``locator``.</doc>
<status status="PASS" start="2024-02-13T09:17:35.585095" elapsed="0.533694"/>
</kw>
<arg>id=submit</arg>
<status status="PASS" start="2024-02-13T09:17:35.585095" elapsed="0.534800"/>
</kw>
<kw name="Get Text" owner="SeleniumLibrary">
<msg time="2024-02-13T09:17:36.587042" level="INFO">${UPD_FUNDS} = 7,000 $</msg>
<var>${UPD_FUNDS}</var>
<arg>//*[@id="navbarNav"]/ul[2]/li[1]/a</arg>
<doc>Returns the text value of the element identified by ``locator``.</doc>
<status status="PASS" start="2024-02-13T09:17:36.119895" elapsed="0.468170"/>
</kw>
<kw name="Remove String" owner="String">
<msg time="2024-02-13T09:17:36.590593" level="INFO">${UPD_FUNDS} = 7000 </msg>
<var>${UPD_FUNDS}</var>
<arg>${UPD_FUNDS}</arg>
<arg>,</arg>
<arg>$</arg>
<doc>Removes all ``removables`` from the given ``string``.</doc>
<status status="PASS" start="2024-02-13T09:17:36.589488" elapsed="0.002126"/>
</kw>
<kw name="Convert To Integer" owner="BuiltIn">
<msg time="2024-02-13T09:17:36.593612" level="INFO">${UPD_FUNDS} = 7000</msg>
<var>${UPD_FUNDS}</var>
<arg>${UPD_FUNDS}</arg>
<doc>Converts the given item to an integer number.</doc>
<status status="PASS" start="2024-02-13T09:17:36.592655" elapsed="0.001961"/>
</kw>
<kw name="Convert To String" owner="BuiltIn">
<msg time="2024-02-13T09:17:36.595651" level="INFO">${UPD_FUNDS} = 7000</msg>
<var>${UPD_FUNDS}</var>
<arg>${UPD_FUNDS}</arg>
<doc>Converts the given item to a Unicode string.</doc>
<status status="PASS" start="2024-02-13T09:17:36.594616" elapsed="0.002043"/>
</kw>
<kw name="Evaluate" owner="BuiltIn">
<msg time="2024-02-13T09:17:36.598182" level="INFO">${DIFF} = 7000</msg>
<var>${DIFF}</var>
<arg>${INI_FUNDS} - ${ITEM_PRICE}</arg>
<doc>Evaluates the given expression in Python and returns the result.</doc>
<status status="PASS" start="2024-02-13T09:17:36.597170" elapsed="0.001012"/>
</kw>
<kw name="Convert To String" owner="BuiltIn">
<msg time="2024-02-13T09:17:36.600433" level="INFO">${DIFF} = 7000</msg>
<var>${DIFF}</var>
<arg>${DIFF}</arg>
<doc>Converts the given item to a Unicode string.</doc>
<status status="PASS" start="2024-02-13T09:17:36.599414" elapsed="0.001019"/>
</kw>
<kw name="Should Be Equal" owner="BuiltIn">
<arg>${DIFF}</arg>
<arg>${UPD_FUNDS}</arg>
<doc>Fails if the given objects are unequal.</doc>
<status status="PASS" start="2024-02-13T09:17:36.600433" elapsed="0.000995"/>
</kw>
<kw name="Get Text" owner="SeleniumLibrary">
<msg time="2024-02-13T09:17:37.028066" level="INFO">${INI_FUNDS} = 7,000 $</msg>
<var>${INI_FUNDS}</var>
<arg>//*[@id="navbarNav"]/ul[2]/li[1]/a</arg>
<doc>Returns the text value of the element identified by ``locator``.</doc>
<status status="PASS" start="2024-02-13T09:17:36.602463" elapsed="0.427697"/>
</kw>
<kw name="Remove String" owner="String">
<msg time="2024-02-13T09:17:37.033150" level="INFO">${INI_FUNDS} = 7000 </msg>
<var>${INI_FUNDS}</var>
<arg>${INI_FUNDS}</arg>
<arg>,</arg>
<arg>$</arg>
<doc>Removes all ``removables`` from the given ``string``.</doc>
<status status="PASS" start="2024-02-13T09:17:37.031113" elapsed="0.002037"/>
</kw>
<kw name="Convert To Integer" owner="BuiltIn">
<msg time="2024-02-13T09:17:37.037096" level="INFO">${INI_FUNDS} = 7000</msg>
<var>${INI_FUNDS}</var>
<arg>${INI_FUNDS}</arg>
<doc>Converts the given item to an integer number.</doc>
<status status="PASS" start="2024-02-13T09:17:37.034147" elapsed="0.003946"/>
</kw>
<kw name="Convert To String" owner="BuiltIn">
<msg time="2024-02-13T09:17:37.041106" level="INFO">${INI_FUNDS} = 7000</msg>
<var>${INI_FUNDS}</var>
<arg>${INI_FUNDS}</arg>
<doc>Converts the given item to a Unicode string.</doc>
<status status="PASS" start="2024-02-13T09:17:37.039110" elapsed="0.001996"/>
</kw>
<kw name="Get Text" owner="SeleniumLibrary">
<msg time="2024-02-13T09:17:37.516488" level="INFO">${ITEM_PRICE} = 3,000 $</msg>
<var>${ITEM_PRICE}</var>
<arg>xpath=/html/body/div[2]/div[2]/div/div[2]/div/div/p/strong</arg>
<doc>Returns the text value of the element identified by ``locator``.</doc>
<status status="PASS" start="2024-02-13T09:17:37.042107" elapsed="0.475865"/>
</kw>
<kw name="Remove String" owner="String">
<msg time="2024-02-13T09:17:37.520595" level="INFO">${ITEM_PRICE} = 3000 </msg>
<var>${ITEM_PRICE}</var>
<arg>${ITEM_PRICE}</arg>
<arg>,</arg>
<arg>$</arg>
<doc>Removes all ``removables`` from the given ``string``.</doc>
<status status="PASS" start="2024-02-13T09:17:37.518558" elapsed="0.003253"/>
</kw>
<kw name="Convert To Integer" owner="BuiltIn">
<msg time="2024-02-13T09:17:37.525716" level="INFO">${ITEM_PRICE} = 3000</msg>
<var>${ITEM_PRICE}</var>
<arg>${ITEM_PRICE}</arg>
<doc>Converts the given item to an integer number.</doc>
<status status="PASS" start="2024-02-13T09:17:37.523418" elapsed="0.003646"/>
</kw>
<kw name="Convert To String" owner="BuiltIn">
<msg time="2024-02-13T09:17:37.530553" level="INFO">${ITEM_PRICE} = 3000</msg>
<var>${ITEM_PRICE}</var>
<arg>${ITEM_PRICE}</arg>
<doc>Converts the given item to a Unicode string.</doc>
<status status="PASS" start="2024-02-13T09:17:37.528125" elapsed="0.003397"/>
</kw>
<kw name="click">
<kw name="Click Element" owner="SeleniumLibrary">
<msg time="2024-02-13T09:17:37.537965" level="INFO">Clicking element 'xpath=(.//*[normalize-space(text()) and normalize-space(.)='IPhone 15'])[3]/following::button[1]'.</msg>
<arg>${element}</arg>
<doc>Click the element identified by ``locator``.</doc>
<status status="PASS" start="2024-02-13T09:17:37.535941" elapsed="0.513383"/>
</kw>
<arg>xpath=(.//*[normalize-space(text()) and normalize-space(.)='IPhone 15'])[3]/following::button[1]</arg>
<status status="PASS" start="2024-02-13T09:17:37.534258" elapsed="0.515066"/>
</kw>
<kw name="click">
<kw name="Click Element" owner="SeleniumLibrary">
<msg time="2024-02-13T09:17:38.049324" level="INFO">Clicking element 'xpath=//div[@id='Sell-1']/div/div/div[2]/form/div/input[2]'.</msg>
<arg>${element}</arg>
<doc>Click the element identified by ``locator``.</doc>
<status status="PASS" start="2024-02-13T09:17:38.049324" elapsed="0.502911"/>
</kw>
<arg>xpath=//div[@id='Sell-1']/div/div/div[2]/form/div/input[2]</arg>
<status status="PASS" start="2024-02-13T09:17:38.049324" elapsed="0.502911"/>
</kw>
<kw name="Get Text" owner="SeleniumLibrary">
<msg time="2024-02-13T09:17:39.025142" level="INFO">${UPD_FUNDS} = 10,000 $</msg>
<var>${UPD_FUNDS}</var>
<arg>//*[@id="navbarNav"]/ul[2]/li[1]/a</arg>
<doc>Returns the text value of the element identified by ``locator``.</doc>
<status status="PASS" start="2024-02-13T09:17:38.554385" elapsed="0.472322"/>
</kw>
<kw name="Remove String" owner="String">
<msg time="2024-02-13T09:17:39.028726" level="INFO">${UPD_FUNDS} = 10000 </msg>
<var>${UPD_FUNDS}</var>
<arg>${UPD_FUNDS}</arg>
<arg>,</arg>
<arg>$</arg>
<doc>Removes all ``removables`` from the given ``string``.</doc>
<status status="PASS" start="2024-02-13T09:17:39.027728" elapsed="0.001983"/>
</kw>
<kw name="Convert To Integer" owner="BuiltIn">
<msg time="2024-02-13T09:17:39.032729" level="INFO">${UPD_FUNDS} = 10000</msg>
<var>${UPD_FUNDS}</var>
<arg>${UPD_FUNDS}</arg>
<doc>Converts the given item to an integer number.</doc>
<status status="PASS" start="2024-02-13T09:17:39.030714" elapsed="0.003054"/>
</kw>
<kw name="Convert To String" owner="BuiltIn">
<msg time="2024-02-13T09:17:39.037027" level="INFO">${UPD_FUNDS} = 10000</msg>
<var>${UPD_FUNDS}</var>
<arg>${UPD_FUNDS}</arg>
<doc>Converts the given item to a Unicode string.</doc>
<status status="PASS" start="2024-02-13T09:17:39.034752" elapsed="0.003681"/>
</kw>
<kw name="Evaluate" owner="BuiltIn">
<msg time="2024-02-13T09:17:39.041928" level="INFO">${DIFF} = 10000</msg>
<var>${DIFF}</var>
<arg>${INI_FUNDS} + ${ITEM_PRICE}</arg>
<doc>Evaluates the given expression in Python and returns the result.</doc>
<status status="PASS" start="2024-02-13T09:17:39.039824" elapsed="0.003080"/>
</kw>
<kw name="Convert To String" owner="BuiltIn">
<msg time="2024-02-13T09:17:39.045412" level="INFO">${DIFF} = 10000</msg>
<var>${DIFF}</var>
<arg>${DIFF}</arg>
<doc>Converts the given item to a Unicode string.</doc>
<status status="PASS" start="2024-02-13T09:17:39.042904" elapsed="0.003055"/>
</kw>
<kw name="Should Be Equal" owner="BuiltIn">
<arg>${DIFF}</arg>
<arg>${UPD_FUNDS}</arg>
<doc>Fails if the given objects are unequal.</doc>
<status status="PASS" start="2024-02-13T09:17:39.046989" elapsed="0.001000"/>
</kw>
<status status="PASS" start="2024-02-13T09:17:33.921689" elapsed="5.128348"/>
</kw>
<kw name="Checking: Sufficient funds for buying + alert">
<kw name="click">
<kw name="Click Element" owner="SeleniumLibrary">
<msg time="2024-02-13T09:17:39.055886" level="INFO">Clicking element 'xpath=(.//*[normalize-space(text()) and normalize-space(.)='Info'])[2]/following::button[1]'.</msg>
<arg>${element}</arg>
<doc>Click the element identified by ``locator``.</doc>
<status status="PASS" start="2024-02-13T09:17:39.053688" elapsed="0.463270"/>
</kw>
<arg>xpath=(.//*[normalize-space(text()) and normalize-space(.)='Info'])[2]/following::button[1]</arg>
<status status="PASS" start="2024-02-13T09:17:39.051691" elapsed="0.465267"/>
</kw>
<kw name="click">
<kw name="Click Element" owner="SeleniumLibrary">
<msg time="2024-02-13T09:17:39.518977" level="INFO">Clicking element 'xpath=//div[@id='Buy-2']/div/div/div[2]/div/input[2]'.</msg>
<arg>${element}</arg>
<doc>Click the element identified by ``locator``.</doc>
<status status="PASS" start="2024-02-13T09:17:39.517980" elapsed="0.523581"/>
</kw>
<arg>xpath=//div[@id='Buy-2']/div/div/div[2]/div/input[2]</arg>
<status status="PASS" start="2024-02-13T09:17:39.516958" elapsed="0.524603"/>
</kw>
<kw name="click">
<kw name="Click Element" owner="SeleniumLibrary">
<msg time="2024-02-13T09:17:40.042584" level="INFO">Clicking element 'xpath=(.//*[normalize-space(text()) and normalize-space(.)='Info'])[2]/following::button[1]'.</msg>
<arg>${element}</arg>
<doc>Click the element identified by ``locator``.</doc>
<status status="PASS" start="2024-02-13T09:17:40.042584" elapsed="0.478095"/>
</kw>
<arg>xpath=(.//*[normalize-space(text()) and normalize-space(.)='Info'])[2]/following::button[1]</arg>
<status status="PASS" start="2024-02-13T09:17:40.041561" elapsed="0.479118"/>
</kw>
<kw name="click">
<kw name="Click Element" owner="SeleniumLibrary">
<msg time="2024-02-13T09:17:40.522196" level="INFO">Clicking element 'xpath=//div[@id='Buy-3']/div/div/div[2]/div/input[2]'.</msg>
<arg>${element}</arg>
<doc>Click the element identified by ``locator``.</doc>
<status status="PASS" start="2024-02-13T09:17:40.522196" elapsed="0.556703"/>
</kw>
<arg>xpath=//div[@id='Buy-3']/div/div/div[2]/div/input[2]</arg>
<status status="PASS" start="2024-02-13T09:17:40.521187" elapsed="0.558268"/>
</kw>
<kw name="Get Text" owner="SeleniumLibrary">
<msg time="2024-02-13T09:17:41.529122" level="INFO">${LOGOUT_POPUP} = ×
Unfortunately, you don't have enough money to purchase Galaxy Z Fold!</msg>
<var>${LOGOUT_POPUP}</var>
<arg>xpath=/html/body/div[1]</arg>
<doc>Returns the text value of the element identified by ``locator``.</doc>
<status status="PASS" start="2024-02-13T09:17:41.079455" elapsed="0.450587"/>
</kw>
<kw name="Should Match Regexp" owner="BuiltIn">
<arg>${LOGOUT_POPUP}</arg>
<arg>Unfortunately, you don't have enough money to purchase</arg>
<doc>Fails if ``string`` does not match ``pattern`` as a regular expression.</doc>
<status status="PASS" start="2024-02-13T09:17:41.530747" elapsed="0.003258"/>
</kw>
<status status="PASS" start="2024-02-13T09:17:39.051691" elapsed="2.483334"/>
</kw>
<kw name="Checking: How many items are in the cart">
<kw name="Get Element Count" owner="SeleniumLibrary">
<msg time="2024-02-13T09:17:41.763305" level="INFO">${COUNT_ITEMS} = 1</msg>
<var>${COUNT_ITEMS}</var>
<arg>//div[@class='card-body']</arg>
<doc>Returns the number of elements matching ``locator``.</doc>
<status status="PASS" start="2024-02-13T09:17:41.538592" elapsed="0.224713"/>
</kw>
<kw name="Convert To String" owner="BuiltIn">
<msg time="2024-02-13T09:17:41.764350" level="INFO">${COUNT_ITEMS} = 1</msg>
<var>${COUNT_ITEMS}</var>
<arg>${COUNT_ITEMS}</arg>
<doc>Converts the given item to a Unicode string.</doc>
<status status="PASS" start="2024-02-13T09:17:41.764350" elapsed="0.000970"/>
</kw>
<kw name="Should Be Equal" owner="BuiltIn">
<arg>${COUNT_ITEMS}</arg>
<arg>1</arg>
<doc>Fails if the given objects are unequal.</doc>
<status status="PASS" start="2024-02-13T09:17:41.765320" elapsed="0.000996"/>
</kw>
<status status="PASS" start="2024-02-13T09:17:41.537658" elapsed="0.228658"/>
</kw>
<kw name="Sell button + Reset cart">
<kw name="Page Should Contain Element" owner="SeleniumLibrary">
<msg time="2024-02-13T09:17:41.981665" level="INFO">Current page contains element 'xpath=/html/body/div[2]/div[2]/div/div[2]/div/div/button'.</msg>
<arg>xpath=/html/body/div[2]/div[2]/div/div[2]/div/div/button</arg>
<doc>Verifies that element ``locator`` is found on the current page.</doc>
<status status="PASS" start="2024-02-13T09:17:41.767960" elapsed="0.214735"/>
</kw>
<kw name="click">
<kw name="Click Element" owner="SeleniumLibrary">
<msg time="2024-02-13T09:17:41.988386" level="INFO">Clicking element 'xpath=(.//*[normalize-space(text()) and normalize-space(.)='MacBook Air'])[3]/following::button[1]'.</msg>
<arg>${element}</arg>
<doc>Click the element identified by ``locator``.</doc>
<status status="PASS" start="2024-02-13T09:17:41.986387" elapsed="0.530571"/>
</kw>
<arg>xpath=(.//*[normalize-space(text()) and normalize-space(.)='MacBook Air'])[3]/following::button[1]</arg>
<status status="PASS" start="2024-02-13T09:17:41.983693" elapsed="0.534293"/>
</kw>
<kw name="click">
<kw name="Click Element" owner="SeleniumLibrary">
<msg time="2024-02-13T09:17:42.522974" level="INFO">Clicking element 'xpath=//div[@id='Sell-2']/div/div/div[2]/form/div/input[2]'.</msg>
<arg>${element}</arg>
<doc>Click the element identified by ``locator``.</doc>
<status status="PASS" start="2024-02-13T09:17:42.520997" elapsed="0.537718"/>
</kw>
<arg>xpath=//div[@id='Sell-2']/div/div/div[2]/form/div/input[2]</arg>
<status status="PASS" start="2024-02-13T09:17:42.518996" elapsed="0.539719"/>
</kw>
<status status="PASS" start="2024-02-13T09:17:41.767421" elapsed="1.291294"/>
</kw>
<kw name="Checking: How many items are in the cart after selling">
<kw name="Get Element Count" owner="SeleniumLibrary">
<msg time="2024-02-13T09:17:43.502766" level="INFO">${COUNT_ITEMS} = 0</msg>
<var>${COUNT_ITEMS}</var>
<arg>//div[@class='card-body']</arg>
<doc>Returns the number of elements matching ``locator``.</doc>
<status status="PASS" start="2024-02-13T09:17:43.059726" elapsed="0.443040"/>
</kw>
<kw name="Convert To String" owner="BuiltIn">
<msg time="2024-02-13T09:17:43.504826" level="INFO">${COUNT_ITEMS} = 0</msg>
<var>${COUNT_ITEMS}</var>
<arg>${COUNT_ITEMS}</arg>
<doc>Converts the given item to a Unicode string.</doc>
<status status="PASS" start="2024-02-13T09:17:43.503833" elapsed="0.001505"/>
</kw>
<kw name="Should Be Equal" owner="BuiltIn">
<arg>${COUNT_ITEMS}</arg>
<arg>0</arg>
<doc>Fails if the given objects are unequal.</doc>
<status status="PASS" start="2024-02-13T09:17:43.505338" elapsed="0.001015"/>
</kw>
<status status="PASS" start="2024-02-13T09:17:43.059726" elapsed="0.447636"/>
</kw>
<kw name="Logout">
<kw name="open">
<kw name="Go To" owner="SeleniumLibrary">
<msg time="2024-02-13T09:17:43.510401" level="INFO">Opening url 'http://127.0.0.1:5000/'</msg>
<arg>${element}</arg>
<doc>Navigates the current browser window to the provided ``url``.</doc>
<status status="PASS" start="2024-02-13T09:17:43.509403" elapsed="0.255751"/>
</kw>
<arg>${BASE_URL}</arg>
<status status="PASS" start="2024-02-13T09:17:43.508403" elapsed="0.257843"/>
</kw>
<kw name="click">
<kw name="Click Element" owner="SeleniumLibrary">
<msg time="2024-02-13T09:17:43.769412" level="INFO">Clicking element 'link=Logout'.</msg>
<arg>${element}</arg>
<doc>Click the element identified by ``locator``.</doc>
<status status="PASS" start="2024-02-13T09:17:43.768322" elapsed="0.572977"/>
</kw>
<arg>link=Logout</arg>
<status status="PASS" start="2024-02-13T09:17:43.766246" elapsed="0.575053"/>
</kw>
<status status="PASS" start="2024-02-13T09:17:43.507362" elapsed="0.833937"/>
</kw>
<kw name="Close Browser" owner="SeleniumLibrary" type="TEARDOWN">
<doc>Closes the current browser.</doc>
<status status="PASS" start="2024-02-13T09:17:44.341299" elapsed="2.537425"/>
</kw>
<status status="PASS" start="2024-02-13T09:17:17.943619" elapsed="28.936499"/>
</test>
<test id="s1-s1-s1-t4" name="Admin" line="53">
<kw name="Run Keywords" owner="BuiltIn" type="SETUP">
<kw name="Open Browser" owner="SeleniumLibrary">
<msg time="2024-02-13T09:17:46.895277" level="INFO">Opening browser 'chrome' to base url 'https://www.google.com/'.</msg>
<arg>https://www.google.com/</arg>
<arg>chrome</arg>
<doc>Opens a new browser instance to the optional ``url``.</doc>
<status status="PASS" start="2024-02-13T09:17:46.893271" elapsed="2.926006"/>
</kw>
<kw name="Maximize Browser Window" owner="SeleniumLibrary">
<doc>Maximizes current browser window.</doc>
<status status="PASS" start="2024-02-13T09:17:49.819797" elapsed="0.329941"/>
</kw>
<kw name="open">
<kw name="Go To" owner="SeleniumLibrary">
<msg time="2024-02-13T09:17:50.150276" level="INFO">Opening url 'http://127.0.0.1:5000/'</msg>
<arg>${element}</arg>
<doc>Navigates the current browser window to the provided ``url``.</doc>
<status status="PASS" start="2024-02-13T09:17:50.150276" elapsed="0.364973"/>
</kw>
<arg>${BASE_URL}</arg>
<status status="PASS" start="2024-02-13T09:17:50.150276" elapsed="0.364973"/>
</kw>
<kw name="Set Selenium Speed" owner="SeleniumLibrary">
<arg>${SELSPEED}</arg>
<doc>Sets the delay that is waited after each Selenium command.</doc>
<status status="PASS" start="2024-02-13T09:17:50.515249" elapsed="0.001017"/>
</kw>
<arg>Open Browser</arg>
<arg>https://www.google.com/</arg>
<arg>chrome</arg>
<arg>AND</arg>
<arg>Maximize Browser Window</arg>
<arg>AND</arg>
<arg>Open</arg>
<arg>${BASE_URL}</arg>
<arg>AND</arg>
<arg>Set Selenium Speed</arg>
<arg>${SELSPEED}</arg>
<doc>Executes all the given keywords in a sequence.</doc>
<status status="PASS" start="2024-02-13T09:17:46.891491" elapsed="3.625773"/>
</kw>
<kw name="Login admin">
<kw name="click">
<kw name="Click Element" owner="SeleniumLibrary">
<msg time="2024-02-13T09:17:50.520413" level="INFO">Clicking element 'link=Login'.</msg>
<arg>${element}</arg>
<doc>Click the element identified by ``locator``.</doc>
<status status="PASS" start="2024-02-13T09:17:50.520413" elapsed="0.561568"/>
</kw>
<arg>link=Login</arg>
<status status="PASS" start="2024-02-13T09:17:50.519398" elapsed="0.563607"/>
</kw>
<kw name="click">
<kw name="Click Element" owner="SeleniumLibrary">
<msg time="2024-02-13T09:17:51.087009" level="INFO">Clicking element 'id=username'.</msg>
<arg>${element}</arg>
<doc>Click the element identified by ``locator``.</doc>
<status status="PASS" start="2024-02-13T09:17:51.085009" elapsed="0.517632"/>
</kw>
<arg>id=username</arg>
<status status="PASS" start="2024-02-13T09:17:51.083005" elapsed="0.519636"/>
</kw>
<kw name="type">
<kw name="Input Text" owner="SeleniumLibrary">
<msg time="2024-02-13T09:17:51.604170" level="INFO">Typing text 'admin' into text field 'id=username'.</msg>
<arg>${element}</arg>
<arg>${value}</arg>
<doc>Types the given ``text`` into the text field identified by ``locator``.</doc>
<status status="PASS" start="2024-02-13T09:17:51.604170" elapsed="0.677948"/>
</kw>
<arg>id=username</arg>
<arg>${ADMIN_USERNAME}</arg>
<status status="PASS" start="2024-02-13T09:17:51.603155" elapsed="0.678963"/>
</kw>
<kw name="type">
<kw name="Input Text" owner="SeleniumLibrary">
<msg time="2024-02-13T09:17:52.284181" level="INFO">Typing text 'admin' into text field 'id=password'.</msg>
<arg>${element}</arg>
<arg>${value}</arg>
<doc>Types the given ``text`` into the text field identified by ``locator``.</doc>
<status status="PASS" start="2024-02-13T09:17:52.283187" elapsed="0.694168"/>
</kw>
<arg>id=password</arg>
<arg>${ADMIN_PASSWORD}</arg>
<status status="PASS" start="2024-02-13T09:17:52.282118" elapsed="0.695237"/>
</kw>
<kw name="click">
<kw name="Click Element" owner="SeleniumLibrary">
<msg time="2024-02-13T09:17:52.978397" level="INFO">Clicking element 'id=submit'.</msg>
<arg>${element}</arg>
<doc>Click the element identified by ``locator``.</doc>
<status status="PASS" start="2024-02-13T09:17:52.978397" elapsed="0.784618"/>
</kw>
<arg>id=submit</arg>
<status status="PASS" start="2024-02-13T09:17:52.977355" elapsed="0.785660"/>
</kw>
<kw name="open">
<kw name="Go To" owner="SeleniumLibrary">
<msg time="2024-02-13T09:17:53.764605" level="INFO">Opening url 'http://127.0.0.1:5000/market'</msg>
<arg>${element}</arg>
<doc>Navigates the current browser window to the provided ``url``.</doc>
<status status="PASS" start="2024-02-13T09:17:53.764605" elapsed="0.267638"/>
</kw>
<arg>${BASE_URL}market</arg>
<status status="PASS" start="2024-02-13T09:17:53.763564" elapsed="0.268679"/>
</kw>
<kw name="open">
<kw name="Go To" owner="SeleniumLibrary">
<msg time="2024-02-13T09:17:54.033927" level="INFO">Opening url 'http://127.0.0.1:5000/admin'</msg>
<arg>${element}</arg>
<doc>Navigates the current browser window to the provided ``url``.</doc>
<status status="PASS" start="2024-02-13T09:17:54.033927" elapsed="0.262507"/>
</kw>
<arg>${BASE_URL}admin</arg>
<status status="PASS" start="2024-02-13T09:17:54.032243" elapsed="0.264191"/>
</kw>
<kw name="Get Text" owner="SeleniumLibrary">
<msg time="2024-02-13T09:17:54.798115" level="INFO">${ADMIN_ITEMS} = Control Products
Name Price Owner Control
1 IPhone 15 3,000 $ Update Delete
2 MacBook Air 8,500 $ Update Delete
3 Galaxy Z Fold 7,800 $ Update Delete
4 Apple iPad 1,500 $ Update Delete
5 AirPods 600 $...</msg>
<var>${ADMIN_ITEMS}</var>
<arg>xpath=/html/body/div/div[1]</arg>
<doc>Returns the text value of the element identified by ``locator``.</doc>
<status status="PASS" start="2024-02-13T09:17:54.297514" elapsed="0.501693"/>
</kw>
<kw name="Should Contain" owner="BuiltIn">
<arg>${ADMIN_ITEMS}</arg>
<arg>Control Products</arg>
<doc>Fails if ``container`` does not contain ``item`` one or more times.</doc>
<status status="PASS" start="2024-02-13T09:17:54.800211" elapsed="0.001797"/>
</kw>
<arg>${BASE_URL}</arg>
<arg>${ADMIN_USERNAME}</arg>
<arg>${ADMIN_PASSWORD}</arg>
<status status="PASS" start="2024-02-13T09:17:50.518312" elapsed="4.283696"/>
</kw>
<kw name="Update item">
<kw name="open">
<kw name="Go To" owner="SeleniumLibrary">
<msg time="2024-02-13T09:17:54.809580" level="INFO">Opening url 'http://127.0.0.1:5000/admin'</msg>
<arg>${element}</arg>
<doc>Navigates the current browser window to the provided ``url``.</doc>
<status status="PASS" start="2024-02-13T09:17:54.808579" elapsed="0.257809"/>
</kw>
<arg>${BASE_URL}admin</arg>
<status status="PASS" start="2024-02-13T09:17:54.806584" elapsed="0.259804"/>
</kw>
<kw name="click">
<kw name="Click Element" owner="SeleniumLibrary">
<msg time="2024-02-13T09:17:55.067432" level="INFO">Clicking element 'xpath=/html[1]/body[1]/div[1]/div[1]/table[1]/tbody[1]/tr[1]/td[5]/button[1]'.</msg>
<arg>${element}</arg>
<doc>Click the element identified by ``locator``.</doc>
<status status="PASS" start="2024-02-13T09:17:55.067432" elapsed="0.448854"/>
</kw>
<arg>xpath=/html[1]/body[1]/div[1]/div[1]/table[1]/tbody[1]/tr[1]/td[5]/button[1]</arg>
<status status="PASS" start="2024-02-13T09:17:55.066388" elapsed="0.449898"/>
</kw>
<kw name="type">
<kw name="Input Text" owner="SeleniumLibrary">
<msg time="2024-02-13T09:17:55.519360" level="INFO">Typing text '"New name"' into text field 'id=form1'.</msg>
<msg time="2024-02-13T09:17:56.334997" level="INFO" html="true">&lt;/td&gt;&lt;/tr&gt;&lt;tr&gt;&lt;td colspan="3"&gt;&lt;a href="selenium-screenshot-10.png"&gt;&lt;img src="selenium-screenshot-10.png" width="800px"&gt;&lt;/a&gt;</msg>
<msg time="2024-02-13T09:17:56.334997" level="FAIL">Element with locator 'id=form1' not found.</msg>
<arg>${element}</arg>
<arg>${value}</arg>
<doc>Types the given ``text`` into the text field identified by ``locator``.</doc>
<status status="FAIL" start="2024-02-13T09:17:55.518366" elapsed="0.824001">Element with locator 'id=form1' not found.</status>
</kw>
<arg>id=form1</arg>
<arg>"New name"</arg>
<status status="FAIL" start="2024-02-13T09:17:55.517370" elapsed="0.826096">Element with locator 'id=form1' not found.</status>
</kw>
<kw name="type">
<arg>id=form2</arg>
<arg>"0"</arg>
<status status="NOT RUN" start="2024-02-13T09:17:56.343466" elapsed="0.000000"/>
</kw>
<kw name="type">
<arg>id=form3</arg>
<arg>"New owner"</arg>
<status status="NOT RUN" start="2024-02-13T09:17:56.344009" elapsed="0.000000"/>
</kw>
<status status="FAIL" start="2024-02-13T09:17:54.805556" elapsed="1.538453">Element with locator 'id=form1' not found.</status>
</kw>
<kw name="Delete item">
<status status="NOT RUN" start="2024-02-13T09:17:56.344009" elapsed="0.001037"/>
</kw>
<kw name="Delete user">
<status status="NOT RUN" start="2024-02-13T09:17:56.345046" elapsed="0.000000"/>
</kw>
<kw name="Close Browser" owner="SeleniumLibrary" type="TEARDOWN">
<doc>Closes the current browser.</doc>
<status status="PASS" start="2024-02-13T09:17:56.346048" elapsed="2.509384"/>
</kw>
<status status="FAIL" start="2024-02-13T09:17:46.886784" elapsed="11.970321">Element with locator 'id=form1' not found.</status>
</test>
<test id="s1-s1-s1-t5" name="Habilitations" line="59">
<kw name="Run Keywords" owner="BuiltIn" type="SETUP">
<kw name="Open Browser" owner="SeleniumLibrary">
<msg time="2024-02-13T09:17:58.870245" level="INFO">Opening browser 'chrome' to base url 'https://www.google.com/'.</msg>
<arg>https://www.google.com/</arg>
<arg>chrome</arg>
<doc>Opens a new browser instance to the optional ``url``.</doc>
<status status="PASS" start="2024-02-13T09:17:58.869258" elapsed="2.934608"/>
</kw>
<kw name="Maximize Browser Window" owner="SeleniumLibrary">
<doc>Maximizes current browser window.</doc>
<status status="PASS" start="2024-02-13T09:18:01.804384" elapsed="0.317568"/>
</kw>
<kw name="open">
<kw name="Go To" owner="SeleniumLibrary">
<msg time="2024-02-13T09:18:02.123471" level="INFO">Opening url 'http://127.0.0.1:5000/'</msg>
<arg>${element}</arg>
<doc>Navigates the current browser window to the provided ``url``.</doc>
<status status="PASS" start="2024-02-13T09:18:02.122461" elapsed="0.359665"/>
</kw>
<arg>${BASE_URL}</arg>
<status status="PASS" start="2024-02-13T09:18:02.122461" elapsed="0.360338"/>
</kw>
<kw name="Set Selenium Speed" owner="SeleniumLibrary">
<arg>${SELSPEED}</arg>
<doc>Sets the delay that is waited after each Selenium command.</doc>
<status status="PASS" start="2024-02-13T09:18:02.482946" elapsed="0.001212"/>
</kw>
<arg>Open Browser</arg>
<arg>https://www.google.com/</arg>
<arg>chrome</arg>
<arg>AND</arg>
<arg>Maximize Browser Window</arg>
<arg>AND</arg>
<arg>Open</arg>
<arg>${BASE_URL}</arg>
<arg>AND</arg>
<arg>Set Selenium Speed</arg>
<arg>${SELSPEED}</arg>
<doc>Executes all the given keywords in a sequence.</doc>
<status status="PASS" start="2024-02-13T09:17:58.867300" elapsed="3.616858"/>
</kw>
<kw name="Checking: Market can only be accessed by users">
<kw name="open">
<kw name="Go To" owner="SeleniumLibrary">
<msg time="2024-02-13T09:18:02.487380" level="INFO">Opening url 'http://127.0.0.1:5000/market'</msg>
<arg>${element}</arg>
<doc>Navigates the current browser window to the provided ``url``.</doc>
<status status="PASS" start="2024-02-13T09:18:02.486872" elapsed="0.257101"/>
</kw>
<arg>${BASE_URL}market</arg>
<status status="PASS" start="2024-02-13T09:18:02.486275" elapsed="0.257698"/>
</kw>
<kw name="Get Text" owner="SeleniumLibrary">
<msg time="2024-02-13T09:18:03.204891" level="INFO">${LOGOUT_POPUP} = ×
Please log in to access this page.</msg>
<var>${LOGOUT_POPUP}</var>
<arg>//div[@class='alert alert-info']</arg>
<doc>Returns the text value of the element identified by ``locator``.</doc>
<status status="PASS" start="2024-02-13T09:18:02.744483" elapsed="0.460976"/>
</kw>
<kw name="Should Match Regexp" owner="BuiltIn">
<arg>${LOGOUT_POPUP}</arg>
<arg>Please log in to access this page.</arg>
<doc>Fails if ``string`` does not match ``pattern`` as a regular expression.</doc>
<status status="PASS" start="2024-02-13T09:18:03.205459" elapsed="0.001053"/>
</kw>
<status status="PASS" start="2024-02-13T09:18:02.485389" elapsed="0.722120"/>
</kw>
<kw name="Login">
<kw name="click">
<kw name="Click Element" owner="SeleniumLibrary">
<msg time="2024-02-13T09:18:03.213204" level="INFO">Clicking element 'link=Login'.</msg>
<arg>${element}</arg>
<doc>Click the element identified by ``locator``.</doc>
<status status="PASS" start="2024-02-13T09:18:03.212201" elapsed="0.496076"/>
</kw>
<arg>link=Login</arg>
<status status="PASS" start="2024-02-13T09:18:03.209202" elapsed="0.499590"/>
</kw>
<kw name="click">
<kw name="Click Element" owner="SeleniumLibrary">
<msg time="2024-02-13T09:18:03.710808" level="INFO">Clicking element 'id=username'.</msg>
<arg>${element}</arg>
<doc>Click the element identified by ``locator``.</doc>
<status status="PASS" start="2024-02-13T09:18:03.709811" elapsed="0.505819"/>
</kw>
<arg>id=username</arg>
<status status="PASS" start="2024-02-13T09:18:03.708792" elapsed="0.506838"/>
</kw>
<kw name="type">
<kw name="Input Text" owner="SeleniumLibrary">
<msg time="2024-02-13T09:18:04.216642" level="INFO">Typing text 'user123' into text field 'id=username'.</msg>
<arg>${element}</arg>
<arg>${value}</arg>
<doc>Types the given ``text`` into the text field identified by ``locator``.</doc>
<status status="PASS" start="2024-02-13T09:18:04.216642" elapsed="0.671858"/>
</kw>
<arg>id=username</arg>
<arg>${VALID_USERNAME}</arg>
<status status="PASS" start="2024-02-13T09:18:04.215630" elapsed="0.673475"/>
</kw>
<kw name="type">
<kw name="Input Text" owner="SeleniumLibrary">
<msg time="2024-02-13T09:18:04.892181" level="INFO">Typing text 'password123' into text field 'id=password'.</msg>
<arg>${element}</arg>
<arg>${value}</arg>
<doc>Types the given ``text`` into the text field identified by ``locator``.</doc>
<status status="PASS" start="2024-02-13T09:18:04.891179" elapsed="0.713159"/>
</kw>
<arg>id=password</arg>
<arg>${VALID_PASSWORD}</arg>
<status status="PASS" start="2024-02-13T09:18:04.889105" elapsed="0.715233"/>
</kw>
<kw name="click">
<kw name="Click Element" owner="SeleniumLibrary">
<msg time="2024-02-13T09:18:05.604844" level="INFO">Clicking element 'id=submit'.</msg>
<arg>${element}</arg>
<doc>Click the element identified by ``locator``.</doc>
<status status="PASS" start="2024-02-13T09:18:05.604844" elapsed="0.740181"/>
</kw>
<arg>id=submit</arg>
<status status="PASS" start="2024-02-13T09:18:05.604844" elapsed="0.740693"/>
</kw>
<kw name="open">
<kw name="Go To" owner="SeleniumLibrary">
<msg time="2024-02-13T09:18:06.347546" level="INFO">Opening url 'http://127.0.0.1:5000/market'</msg>
<arg>${element}</arg>
<doc>Navigates the current browser window to the provided ``url``.</doc>
<status status="PASS" start="2024-02-13T09:18:06.346551" elapsed="0.252977"/>
</kw>
<arg>${BASE_URL}market</arg>
<status status="PASS" start="2024-02-13T09:18:06.345537" elapsed="0.253991"/>
</kw>
<arg>${BASE_URL}</arg>
<arg>${VALID_USERNAME}</arg>
<arg>${VALID_PASSWORD}</arg>
<status status="PASS" start="2024-02-13T09:18:03.208143" elapsed="3.391385"/>
</kw>
<kw name="Checking: Admin panel can only be accessed by admin">
<kw name="open">
<kw name="Go To" owner="SeleniumLibrary">
<msg time="2024-02-13T09:18:06.603598" level="INFO">Opening url 'http://127.0.0.1:5000/admin'</msg>
<arg>${element}</arg>
<doc>Navigates the current browser window to the provided ``url``.</doc>
<status status="PASS" start="2024-02-13T09:18:06.602596" elapsed="0.265284"/>
</kw>
<arg>${BASE_URL}admin</arg>
<status status="PASS" start="2024-02-13T09:18:06.601601" elapsed="0.266855"/>
</kw>
<kw name="Get Text" owner="SeleniumLibrary">
<msg time="2024-02-13T09:18:07.302549" level="INFO">${LOGOUT_POPUP} = ×
Please login as admin to access the admin panel!</msg>
<var>${LOGOUT_POPUP}</var>
<arg>//div[@class='alert alert-danger']</arg>
<doc>Returns the text value of the element identified by ``locator``.</doc>
<status status="PASS" start="2024-02-13T09:18:06.869528" elapsed="0.433021"/>
</kw>
<kw name="Should Match Regexp" owner="BuiltIn">
<arg>${LOGOUT_POPUP}</arg>
<arg>Please login as admin to access the admin panel!</arg>
<doc>Fails if ``string`` does not match ``pattern`` as a regular expression.</doc>
<status status="PASS" start="2024-02-13T09:18:07.303810" elapsed="0.001020"/>
</kw>
<status status="PASS" start="2024-02-13T09:18:06.600602" elapsed="0.704228"/>
</kw>
<kw name="Logout">
<kw name="open">
<kw name="Go To" owner="SeleniumLibrary">
<msg time="2024-02-13T09:18:07.307873" level="INFO">Opening url 'http://127.0.0.1:5000/'</msg>
<arg>${element}</arg>
<doc>Navigates the current browser window to the provided ``url``.</doc>
<status status="PASS" start="2024-02-13T09:18:07.306875" elapsed="0.262885"/>
</kw>
<arg>${BASE_URL}</arg>
<status status="PASS" start="2024-02-13T09:18:07.306875" elapsed="0.262885"/>
</kw>
<kw name="click">
<kw name="Click Element" owner="SeleniumLibrary">
<msg time="2024-02-13T09:18:07.570930" level="INFO">Clicking element 'link=Logout'.</msg>
<arg>${element}</arg>
<doc>Click the element identified by ``locator``.</doc>
<status status="PASS" start="2024-02-13T09:18:07.570930" elapsed="0.531223"/>
</kw>
<arg>link=Logout</arg>
<status status="PASS" start="2024-02-13T09:18:07.569760" elapsed="0.532393"/>
</kw>
<status status="PASS" start="2024-02-13T09:18:07.305859" elapsed="0.796294"/>
</kw>
<kw name="Login admin">
<kw name="click">
<kw name="Click Element" owner="SeleniumLibrary">
<msg time="2024-02-13T09:18:08.104895" level="INFO">Clicking element 'link=Login'.</msg>
<arg>${element}</arg>
<doc>Click the element identified by ``locator``.</doc>
<status status="PASS" start="2024-02-13T09:18:08.104895" elapsed="0.497337"/>
</kw>
<arg>link=Login</arg>
<status status="PASS" start="2024-02-13T09:18:08.104895" elapsed="0.497935"/>
</kw>
<kw name="click">
<kw name="Click Element" owner="SeleniumLibrary">
<msg time="2024-02-13T09:18:08.606919" level="INFO">Clicking element 'id=username'.</msg>
<arg>${element}</arg>
<doc>Click the element identified by ``locator``.</doc>
<status status="PASS" start="2024-02-13T09:18:08.605922" elapsed="0.496391"/>
</kw>
<arg>id=username</arg>
<status status="PASS" start="2024-02-13T09:18:08.603878" elapsed="0.498435"/>
</kw>
<kw name="type">
<kw name="Input Text" owner="SeleniumLibrary">
<msg time="2024-02-13T09:18:09.106157" level="INFO">Typing text 'admin' into text field 'id=username'.</msg>
<arg>${element}</arg>
<arg>${value}</arg>
<doc>Types the given ``text`` into the text field identified by ``locator``.</doc>
<status status="PASS" start="2024-02-13T09:18:09.105156" elapsed="0.721915"/>
</kw>
<arg>id=username</arg>
<arg>${ADMIN_USERNAME}</arg>
<status status="PASS" start="2024-02-13T09:18:09.103516" elapsed="0.724573"/>
</kw>
<kw name="type">
<kw name="Input Text" owner="SeleniumLibrary">
<msg time="2024-02-13T09:18:09.831905" level="INFO">Typing text 'admin' into text field 'id=password'.</msg>
<arg>${element}</arg>
<arg>${value}</arg>
<doc>Types the given ``text`` into the text field identified by ``locator``.</doc>
<status status="PASS" start="2024-02-13T09:18:09.829866" elapsed="0.716439"/>
</kw>
<arg>id=password</arg>
<arg>${ADMIN_PASSWORD}</arg>
<status status="PASS" start="2024-02-13T09:18:09.828089" elapsed="0.718216"/>
</kw>
<kw name="click">
<kw name="Click Element" owner="SeleniumLibrary">
<msg time="2024-02-13T09:18:10.547913" level="INFO">Clicking element 'id=submit'.</msg>
<arg>${element}</arg>
<doc>Click the element identified by ``locator``.</doc>
<status status="PASS" start="2024-02-13T09:18:10.547913" elapsed="0.679146"/>
</kw>
<arg>id=submit</arg>
<status status="PASS" start="2024-02-13T09:18:10.546860" elapsed="0.680199"/>
</kw>
<kw name="open">
<kw name="Go To" owner="SeleniumLibrary">
<msg time="2024-02-13T09:18:11.228069" level="INFO">Opening url 'http://127.0.0.1:5000/market'</msg>
<arg>${element}</arg>
<doc>Navigates the current browser window to the provided ``url``.</doc>
<status status="PASS" start="2024-02-13T09:18:11.228069" elapsed="0.276817"/>
</kw>
<arg>${BASE_URL}market</arg>
<status status="PASS" start="2024-02-13T09:18:11.227059" elapsed="0.277827"/>
</kw>
<kw name="open">
<kw name="Go To" owner="SeleniumLibrary">
<msg time="2024-02-13T09:18:11.505392" level="INFO">Opening url 'http://127.0.0.1:5000/admin'</msg>
<arg>${element}</arg>
<doc>Navigates the current browser window to the provided ``url``.</doc>
<status status="PASS" start="2024-02-13T09:18:11.505392" elapsed="0.250470"/>
</kw>
<arg>${BASE_URL}admin</arg>
<status status="PASS" start="2024-02-13T09:18:11.505392" elapsed="0.250470"/>
</kw>
<kw name="Get Text" owner="SeleniumLibrary">
<msg time="2024-02-13T09:18:12.196076" level="INFO">${ADMIN_ITEMS} = Control Products
Name Price Owner Control
1 IPhone 15 3,000 $ Update Delete
2 MacBook Air 8,500 $ Update Delete
3 Galaxy Z Fold 7,800 $ Update Delete
4 Apple iPad 1,500 $ Update Delete
5 AirPods 600 $...</msg>
<var>${ADMIN_ITEMS}</var>
<arg>xpath=/html/body/div/div[1]</arg>
<doc>Returns the text value of the element identified by ``locator``.</doc>
<status status="PASS" start="2024-02-13T09:18:11.755862" elapsed="0.440214"/>
</kw>
<kw name="Should Contain" owner="BuiltIn">
<arg>${ADMIN_ITEMS}</arg>
<arg>Control Products</arg>
<doc>Fails if ``container`` does not contain ``item`` one or more times.</doc>
<status status="PASS" start="2024-02-13T09:18:12.196076" elapsed="0.000000"/>
</kw>
<arg>${BASE_URL}</arg>
<arg>${ADMIN_USERNAME}</arg>
<arg>${ADMIN_PASSWORD}</arg>
<status status="PASS" start="2024-02-13T09:18:08.103171" elapsed="4.094234"/>
</kw>
<kw name="Checking: admin can view items and users tables">
<kw name="open">
<kw name="Go To" owner="SeleniumLibrary">
<msg time="2024-02-13T09:18:12.198405" level="INFO">Opening url 'http://127.0.0.1:5000/admin'</msg>
<arg>${element}</arg>
<doc>Navigates the current browser window to the provided ``url``.</doc>
<status status="PASS" start="2024-02-13T09:18:12.198405" elapsed="0.245300"/>
</kw>
<arg>${BASE_URL}admin</arg>
<status status="PASS" start="2024-02-13T09:18:12.197405" elapsed="0.246300"/>
</kw>
<kw name="Page Should Contain Element" owner="SeleniumLibrary">
<msg time="2024-02-13T09:18:12.653969" level="INFO">Current page contains element 'xpath=/html/body/div/div[1]'.</msg>
<arg>xpath=/html/body/div/div[1]</arg>
<doc>Verifies that element ``locator`` is found on the current page.</doc>
<status status="PASS" start="2024-02-13T09:18:12.443705" elapsed="0.210264"/>
</kw>
<kw name="Page Should Contain Element" owner="SeleniumLibrary">
<msg time="2024-02-13T09:18:12.874520" level="INFO">Current page contains element 'xpath=/html/body/div/div[2]'.</msg>
<arg>xpath=/html/body/div/div[2]</arg>
<doc>Verifies that element ``locator`` is found on the current page.</doc>
<status status="PASS" start="2024-02-13T09:18:12.653969" elapsed="0.220551"/>
</kw>
<status status="PASS" start="2024-02-13T09:18:12.197405" elapsed="0.677659"/>
</kw>
<kw name="Close Browser" owner="SeleniumLibrary" type="TEARDOWN">
<doc>Closes the current browser.</doc>
<status status="PASS" start="2024-02-13T09:18:12.876078" elapsed="2.509597"/>
</kw>
<status status="PASS" start="2024-02-13T09:17:58.864256" elapsed="16.522092"/>
</test>
<status status="FAIL" start="2024-02-13T09:16:45.620634" elapsed="89.769177"/>
</suite>
<status status="FAIL" start="2024-02-13T09:16:45.617634" elapsed="89.776467"/>
</suite>
<status status="FAIL" start="2024-02-13T09:16:45.591506" elapsed="89.806279"/>
</suite>
<statistics>
<total>
<stat pass="4" fail="1" skip="0">All Tests</stat>
</total>
<tag>
</tag>
<suite>
<stat pass="4" fail="1" skip="0" id="s1" name="E-Commerce">E-Commerce</stat>
<stat pass="4" fail="1" skip="0" id="s1-s1" name="0 Testwares">E-Commerce.0 Testwares</stat>
<stat pass="4" fail="1" skip="0" id="s1-s1-s1" name="Testsuites">E-Commerce.0 Testwares.Testsuites</stat>
</suite>
</statistics>
<errors>
</errors>
</robot>
